
sys.version_info(major=3, minor=6, micro=0, releaselevel='final', serial=0)
----- PARAMETERS -----
DemandIntercept: 300
FixedCost: 200
InitialMarketSize: 4
LogLevel: {'Console': ['INFO'], 'File': ['DEBUG', 'TRACE']}
MaxMagnituteOfTechChange: 8
MinimumWealthForSurvival: 0
NumberOfPeriods: 50
NumberOfPotentialEntrants: 40
NumberOfTasks: 96
PeriodStartOfTechChange: 20
RateOfTechChange: 0.1
StartupWealth: 0

----------------------------------
PROCESSING PERIOD 1
External shocks: Processing...
External shocks: OK!

---------------------
RESULTS OF PERIOD 1:

Survivors from previous period: 0
New entrants in this period: 40
Firms in the market: 40
Age of oldest firm: 0
Age of youngest firm: 0
Average age: 0.0
Active firms: 33
Inactive firms: 7
Exiting firms after this period: 29
Survivors from this period: 11
Weighted marginal cost: 44.48
Average proximity to optimal tech: 52.56%
Price: 54.87
Industry output: 980.51
Average output: 29.71

----------------------------------
PROCESSING PERIOD 2
External shocks: Processing...
External shocks: OK!

---------------------
RESULTS OF PERIOD 2:

Survivors from previous period: 11
New entrants in this period: 40
Firms in the market: 51
Age of oldest firm: 1
Age of youngest firm: 0
Average age: 0.2
Active firms: 37
Inactive firms: 14
Exiting firms after this period: 36
Survivors from this period: 15
Weighted marginal cost: 43.70
Average proximity to optimal tech: 52.90%
Price: 53.76
Industry output: 984.98
Average output: 26.62

----------------------------------
PROCESSING PERIOD 3
External shocks: Processing...
External shocks: OK!

---------------------
RESULTS OF PERIOD 3:

Survivors from previous period: 15
New entrants in this period: 34
Firms in the market: 49
Age of oldest firm: 2
Age of youngest firm: 0
Average age: 0.5
Active firms: 43
Inactive firms: 6
Exiting firms after this period: 32
Survivors from this period: 17
Weighted marginal cost: 42.56
Average proximity to optimal tech: 54.02%
Price: 51.75
Industry output: 992.99
Average output: 23.09

----------------------------------
PROCESSING PERIOD 4
External shocks: Processing...
External shocks: OK!

---------------------
RESULTS OF PERIOD 4:

Survivors from previous period: 17
New entrants in this period: 24
Firms in the market: 41
Age of oldest firm: 3
Age of youngest firm: 0
Average age: 1.0
Active firms: 37
Inactive firms: 4
Exiting firms after this period: 21
Survivors from this period: 20
Weighted marginal cost: 41.74
Average proximity to optimal tech: 55.80%
Price: 50.93
Industry output: 996.27
Average output: 26.93

----------------------------------
PROCESSING PERIOD 5
External shocks: Processing...
External shocks: OK!

---------------------
RESULTS OF PERIOD 5:

Survivors from previous period: 20
New entrants in this period: 20
Firms in the market: 40
Age of oldest firm: 4
Age of youngest firm: 0
Average age: 1.5
Active firms: 40
Inactive firms: 0
Exiting firms after this period: 23
Survivors from this period: 17
Weighted marginal cost: 41.53
Average proximity to optimal tech: 56.38%
Price: 49.87
Industry output: 1000.51
Average output: 25.01

----------------------------------
PROCESSING PERIOD 6
External shocks: Processing...
External shocks: OK!

---------------------
RESULTS OF PERIOD 6:

Survivors from previous period: 17
New entrants in this period: 26
Firms in the market: 43
Age of oldest firm: 5
Age of youngest firm: 0
Average age: 1.3
Active firms: 43
Inactive firms: 0
Exiting firms after this period: 23
Survivors from this period: 20
Weighted marginal cost: 40.92
Average proximity to optimal tech: 55.52%
Price: 50.28
Industry output: 998.86
Average output: 23.23

----------------------------------
PROCESSING PERIOD 7
External shocks: Processing...
External shocks: OK!

---------------------
RESULTS OF PERIOD 7:

Survivors from previous period: 20
New entrants in this period: 12
Firms in the market: 32
Age of oldest firm: 6
Age of youngest firm: 0
Average age: 2.3
Active firms: 32
Inactive firms: 0
Exiting firms after this period: 11
Survivors from this period: 21
Weighted marginal cost: 39.86
Average proximity to optimal tech: 58.37%
Price: 49.46
Industry output: 1002.15
Average output: 31.32

----------------------------------
PROCESSING PERIOD 8
External shocks: Processing...
External shocks: OK!

---------------------
RESULTS OF PERIOD 8:

Survivors from previous period: 21
New entrants in this period: 9
Firms in the market: 30
Age of oldest firm: 7
Age of youngest firm: 0
Average age: 2.9
Active firms: 30
Inactive firms: 0
Exiting firms after this period: 10
Survivors from this period: 20
Weighted marginal cost: 39.71
Average proximity to optimal tech: 58.99%
Price: 49.36
Industry output: 1002.55
Average output: 33.42

----------------------------------
PROCESSING PERIOD 9
External shocks: Processing...
External shocks: OK!

---------------------
RESULTS OF PERIOD 9:

Survivors from previous period: 20
New entrants in this period: 17
Firms in the market: 37
Age of oldest firm: 8
Age of youngest firm: 0
Average age: 2.8
Active firms: 37
Inactive firms: 0
Exiting firms after this period: 15
Survivors from this period: 22
Weighted marginal cost: 39.69
Average proximity to optimal tech: 58.45%
Price: 48.36
Industry output: 1006.58
Average output: 27.20

----------------------------------
PROCESSING PERIOD 10
External shocks: Processing...
External shocks: OK!

---------------------
RESULTS OF PERIOD 10:

Survivors from previous period: 22
New entrants in this period: 6
Firms in the market: 28
Age of oldest firm: 9
Age of youngest firm: 0
Average age: 4.5
Active firms: 28
Inactive firms: 0
Exiting firms after this period: 6
Survivors from this period: 22
Weighted marginal cost: 39.32
Average proximity to optimal tech: 59.64%
Price: 49.32
Industry output: 1002.73
Average output: 35.81

----------------------------------
PROCESSING PERIOD 11
External shocks: Processing...
External shocks: OK!

---------------------
RESULTS OF PERIOD 11:

Survivors from previous period: 22
New entrants in this period: 9
Firms in the market: 31
Age of oldest firm: 10
Age of youngest firm: 0
Average age: 4.8
Active firms: 31
Inactive firms: 0
Exiting firms after this period: 5
Survivors from this period: 26
Weighted marginal cost: 38.98
Average proximity to optimal tech: 60.05%
Price: 48.08
Industry output: 1007.68
Average output: 32.51

----------------------------------
PROCESSING PERIOD 12
External shocks: Processing...
External shocks: OK!

---------------------
RESULTS OF PERIOD 12:

Survivors from previous period: 26
New entrants in this period: 3
Firms in the market: 29
Age of oldest firm: 11
Age of youngest firm: 0
Average age: 6.0
Active firms: 29
Inactive firms: 0
Exiting firms after this period: 4
Survivors from this period: 25
Weighted marginal cost: 38.78
Average proximity to optimal tech: 60.45%
Price: 48.23
Industry output: 1007.08
Average output: 34.73

----------------------------------
PROCESSING PERIOD 13
External shocks: Processing...
External shocks: OK!

---------------------
RESULTS OF PERIOD 13:

Survivors from previous period: 25
New entrants in this period: 4
Firms in the market: 29
Age of oldest firm: 12
Age of youngest firm: 0
Average age: 6.4
Active firms: 29
Inactive firms: 0
Exiting firms after this period: 2
Survivors from this period: 27
Weighted marginal cost: 38.71
Average proximity to optimal tech: 60.60%
Price: 48.09
Industry output: 1007.64
Average output: 34.75

----------------------------------
PROCESSING PERIOD 14
External shocks: Processing...
External shocks: OK!

---------------------
RESULTS OF PERIOD 14:

Survivors from previous period: 27
New entrants in this period: 4
Firms in the market: 31
Age of oldest firm: 13
Age of youngest firm: 0
Average age: 6.9
Active firms: 31
Inactive firms: 0
Exiting firms after this period: 4
Survivors from this period: 27
Weighted marginal cost: 38.80
Average proximity to optimal tech: 60.48%
Price: 47.66
Industry output: 1009.38
Average output: 32.56

----------------------------------
PROCESSING PERIOD 15
External shocks: Processing...
External shocks: OK!

---------------------
RESULTS OF PERIOD 15:

Survivors from previous period: 27
New entrants in this period: 6
Firms in the market: 33
Age of oldest firm: 14
Age of youngest firm: 0
Average age: 7.3
Active firms: 33
Inactive firms: 0
Exiting firms after this period: 6
Survivors from this period: 27
Weighted marginal cost: 38.66
Average proximity to optimal tech: 60.61%
Price: 47.06
Industry output: 1011.76
Average output: 30.66

----------------------------------
PROCESSING PERIOD 16
External shocks: Processing...
External shocks: OK!

---------------------
RESULTS OF PERIOD 16:

Survivors from previous period: 27
New entrants in this period: 4
Firms in the market: 31
Age of oldest firm: 15
Age of youngest firm: 0
Average age: 8.5
Active firms: 31
Inactive firms: 0
Exiting firms after this period: 3
Survivors from this period: 28
Weighted marginal cost: 38.16
Average proximity to optimal tech: 61.12%
Price: 47.04
Industry output: 1011.85
Average output: 32.64

----------------------------------
PROCESSING PERIOD 17
External shocks: Processing...
External shocks: OK!

---------------------
RESULTS OF PERIOD 17:

Survivors from previous period: 28
New entrants in this period: 2
Firms in the market: 30
Age of oldest firm: 16
Age of youngest firm: 0
Average age: 9.0
Active firms: 30
Inactive firms: 0
Exiting firms after this period: 4
Survivors from this period: 26
Weighted marginal cost: 38.10
Average proximity to optimal tech: 61.22%
Price: 47.21
Industry output: 1011.16
Average output: 33.71

----------------------------------
PROCESSING PERIOD 18
External shocks: Processing...
External shocks: OK!

---------------------
RESULTS OF PERIOD 18:

Survivors from previous period: 26
New entrants in this period: 4
Firms in the market: 30
Age of oldest firm: 17
Age of youngest firm: 0
Average age: 9.4
Active firms: 30
Inactive firms: 0
Exiting firms after this period: 3
Survivors from this period: 27
Weighted marginal cost: 38.06
Average proximity to optimal tech: 61.25%
Price: 47.18
Industry output: 1011.29
Average output: 33.71

----------------------------------
PROCESSING PERIOD 19
External shocks: Processing...
External shocks: OK!

---------------------
RESULTS OF PERIOD 19:

Survivors from previous period: 27
New entrants in this period: 3
Firms in the market: 30
Age of oldest firm: 18
Age of youngest firm: 0
Average age: 10.3
Active firms: 30
Inactive firms: 0
Exiting firms after this period: 2
Survivors from this period: 28
Weighted marginal cost: 38.01
Average proximity to optimal tech: 61.35%
Price: 47.08
Industry output: 1011.69
Average output: 33.72

----------------------------------
PROCESSING PERIOD 20
External shocks: Processing...
External shocks: OK!

---------------------
RESULTS OF PERIOD 20:

Survivors from previous period: 28
New entrants in this period: 7
Firms in the market: 35
Age of oldest firm: 19
Age of youngest firm: 0
Average age: 9.7
Active firms: 35
Inactive firms: 0
Exiting firms after this period: 8
Survivors from this period: 27
Weighted marginal cost: 38.08
Average proximity to optimal tech: 61.10%
Price: 46.15
Industry output: 1015.39
Average output: 29.01

----------------------------------
PROCESSING PERIOD 21
External shocks: Processing...
External shocks: OK!

---------------------
RESULTS OF PERIOD 21:

Survivors from previous period: 27
New entrants in this period: 5
Firms in the market: 32
Age of oldest firm: 20
Age of youngest firm: 0
Average age: 10.8
Active firms: 32
Inactive firms: 0
Exiting firms after this period: 2
Survivors from this period: 30
Weighted marginal cost: 37.70
Average proximity to optimal tech: 61.65%
Price: 46.28
Industry output: 1014.90
Average output: 31.72

----------------------------------
PROCESSING PERIOD 22
External shocks: Processing...
External shocks: OK!

---------------------
RESULTS OF PERIOD 22:

Survivors from previous period: 30
New entrants in this period: 2
Firms in the market: 32
Age of oldest firm: 21
Age of youngest firm: 0
Average age: 11.8
Active firms: 32
Inactive firms: 0
Exiting firms after this period: 0
Survivors from this period: 32
Weighted marginal cost: 37.50
Average proximity to optimal tech: 61.88%
Price: 46.05
Industry output: 1015.78
Average output: 31.74

----------------------------------
PROCESSING PERIOD 23
External shocks: Processing...
External shocks: OK!

---------------------
RESULTS OF PERIOD 23:

Survivors from previous period: 32
New entrants in this period: 0
Firms in the market: 32
Age of oldest firm: 22
Age of youngest firm: 1
Average age: 12.8
Active firms: 32
Inactive firms: 0
Exiting firms after this period: 0
Survivors from this period: 32
Weighted marginal cost: 37.62
Average proximity to optimal tech: 61.75%
Price: 46.18
Industry output: 1015.28
Average output: 31.73

----------------------------------
PROCESSING PERIOD 24
External shocks: Processing...
External shocks: OK!

---------------------
RESULTS OF PERIOD 24:

Survivors from previous period: 32
New entrants in this period: 1
Firms in the market: 33
Age of oldest firm: 23
Age of youngest firm: 0
Average age: 13.4
Active firms: 33
Inactive firms: 0
Exiting firms after this period: 2
Survivors from this period: 31
Weighted marginal cost: 37.56
Average proximity to optimal tech: 61.81%
Price: 45.89
Industry output: 1016.42
Average output: 30.80

----------------------------------
PROCESSING PERIOD 25
External shocks: Processing...
External shocks: OK!

---------------------
RESULTS OF PERIOD 25:

Survivors from previous period: 31
New entrants in this period: 0
Firms in the market: 31
Age of oldest firm: 24
Age of youngest firm: 1
Average age: 14.6
Active firms: 31
Inactive firms: 0
Exiting firms after this period: 0
Survivors from this period: 31
Weighted marginal cost: 37.48
Average proximity to optimal tech: 61.90%
Price: 46.29
Industry output: 1014.84
Average output: 32.74

----------------------------------
PROCESSING PERIOD 26
External shocks: Processing...
External shocks: OK!

---------------------
RESULTS OF PERIOD 26:

Survivors from previous period: 31
New entrants in this period: 0
Firms in the market: 31
Age of oldest firm: 25
Age of youngest firm: 2
Average age: 15.6
Active firms: 31
Inactive firms: 0
Exiting firms after this period: 1
Survivors from this period: 30
Weighted marginal cost: 37.48
Average proximity to optimal tech: 61.90%
Price: 46.29
Industry output: 1014.84
Average output: 32.74

----------------------------------
PROCESSING PERIOD 27
External shocks: Processing...
External shocks: OK!

---------------------
RESULTS OF PERIOD 27:

Survivors from previous period: 30
New entrants in this period: 0
Firms in the market: 30
Age of oldest firm: 26
Age of youngest firm: 3
Average age: 16.3
Active firms: 30
Inactive firms: 0
Exiting firms after this period: 0
Survivors from this period: 30
Weighted marginal cost: 37.41
Average proximity to optimal tech: 62.05%
Price: 46.40
Industry output: 1014.38
Average output: 33.81

----------------------------------
PROCESSING PERIOD 28
External shocks: Processing...
External shocks: OK!

---------------------
RESULTS OF PERIOD 28:

Survivors from previous period: 30
New entrants in this period: 2
Firms in the market: 32
Age of oldest firm: 27
Age of youngest firm: 0
Average age: 16.2
Active firms: 32
Inactive firms: 0
Exiting firms after this period: 0
Survivors from this period: 32
Weighted marginal cost: 38.29
Average proximity to optimal tech: 60.16%
Price: 47.73
Industry output: 1009.09
Average output: 31.53

----------------------------------
PROCESSING PERIOD 29
External shocks: Processing...
External shocks: OK!

---------------------
RESULTS OF PERIOD 29:

Survivors from previous period: 32
New entrants in this period: 0
Firms in the market: 32
Age of oldest firm: 28
Age of youngest firm: 1
Average age: 17.2
Active firms: 31
Inactive firms: 1
Exiting firms after this period: 3
Survivors from this period: 29
Weighted marginal cost: 39.47
Average proximity to optimal tech: 59.07%
Price: 49.02
Industry output: 1003.91
Average output: 32.38

----------------------------------
PROCESSING PERIOD 30
External shocks: Processing...
External shocks: OK!

---------------------
RESULTS OF PERIOD 30:

Survivors from previous period: 29
New entrants in this period: 3
Firms in the market: 32
Age of oldest firm: 29
Age of youngest firm: 0
Average age: 16.7
Active firms: 31
Inactive firms: 1
Exiting firms after this period: 6
Survivors from this period: 26
Weighted marginal cost: 39.50
Average proximity to optimal tech: 59.44%
Price: 48.67
Industry output: 1005.34
Average output: 32.43

----------------------------------
PROCESSING PERIOD 31
External shocks: Processing...
External shocks: OK!

---------------------
RESULTS OF PERIOD 31:

Survivors from previous period: 26
New entrants in this period: 3
Firms in the market: 29
Age of oldest firm: 30
Age of youngest firm: 0
Average age: 16.6
Active firms: 28
Inactive firms: 1
Exiting firms after this period: 1
Survivors from this period: 28
Weighted marginal cost: 39.09
Average proximity to optimal tech: 60.08%
Price: 48.89
Industry output: 1004.45
Average output: 35.87

----------------------------------
PROCESSING PERIOD 32
External shocks: Processing...
External shocks: OK!

---------------------
RESULTS OF PERIOD 32:

Survivors from previous period: 28
New entrants in this period: 4
Firms in the market: 32
Age of oldest firm: 31
Age of youngest firm: 0
Average age: 15.9
Active firms: 31
Inactive firms: 1
Exiting firms after this period: 2
Survivors from this period: 30
Weighted marginal cost: 39.16
Average proximity to optimal tech: 60.01%
Price: 48.11
Industry output: 1007.55
Average output: 32.50

----------------------------------
PROCESSING PERIOD 33
External shocks: Processing...
External shocks: OK!

---------------------
RESULTS OF PERIOD 33:

Survivors from previous period: 30
New entrants in this period: 6
Firms in the market: 36
Age of oldest firm: 32
Age of youngest firm: 0
Average age: 14.9
Active firms: 35
Inactive firms: 1
Exiting firms after this period: 8
Survivors from this period: 28
Weighted marginal cost: 39.34
Average proximity to optimal tech: 59.76%
Price: 47.45
Industry output: 1010.19
Average output: 28.86

----------------------------------
PROCESSING PERIOD 34
External shocks: Processing...
External shocks: OK!

---------------------
RESULTS OF PERIOD 34:

Survivors from previous period: 28
New entrants in this period: 4
Firms in the market: 32
Age of oldest firm: 33
Age of youngest firm: 0
Average age: 16.8
Active firms: 31
Inactive firms: 1
Exiting firms after this period: 6
Survivors from this period: 26
Weighted marginal cost: 39.53
Average proximity to optimal tech: 59.48%
Price: 48.63
Industry output: 1005.47
Average output: 32.43

----------------------------------
PROCESSING PERIOD 35
External shocks: Processing...
External shocks: OK!

---------------------
RESULTS OF PERIOD 35:

Survivors from previous period: 26
New entrants in this period: 7
Firms in the market: 33
Age of oldest firm: 34
Age of youngest firm: 0
Average age: 16.1
Active firms: 31
Inactive firms: 2
Exiting firms after this period: 4
Survivors from this period: 29
Weighted marginal cost: 40.45
Average proximity to optimal tech: 58.37%
Price: 49.71
Industry output: 1001.17
Average output: 32.30

----------------------------------
PROCESSING PERIOD 36
External shocks: Processing...
External shocks: OK!

---------------------
RESULTS OF PERIOD 36:

Survivors from previous period: 29
New entrants in this period: 8
Firms in the market: 37
Age of oldest firm: 35
Age of youngest firm: 0
Average age: 15.1
Active firms: 34
Inactive firms: 3
Exiting firms after this period: 6
Survivors from this period: 31
Weighted marginal cost: 40.52
Average proximity to optimal tech: 58.46%
Price: 48.93
Industry output: 1004.29
Average output: 29.54

----------------------------------
PROCESSING PERIOD 37
External shocks: Processing...
External shocks: OK!

---------------------
RESULTS OF PERIOD 37:

Survivors from previous period: 31
New entrants in this period: 6
Firms in the market: 37
Age of oldest firm: 36
Age of youngest firm: 0
Average age: 15.9
Active firms: 34
Inactive firms: 3
Exiting firms after this period: 5
Survivors from this period: 32
Weighted marginal cost: 40.45
Average proximity to optimal tech: 58.58%
Price: 48.81
Industry output: 1004.76
Average output: 29.55

----------------------------------
PROCESSING PERIOD 38
External shocks: Processing...
External shocks: OK!

---------------------
RESULTS OF PERIOD 38:

Survivors from previous period: 32
New entrants in this period: 5
Firms in the market: 37
Age of oldest firm: 37
Age of youngest firm: 0
Average age: 16.8
Active firms: 34
Inactive firms: 3
Exiting firms after this period: 5
Survivors from this period: 32
Weighted marginal cost: 40.33
Average proximity to optimal tech: 58.73%
Price: 48.66
Industry output: 1005.36
Average output: 29.57

----------------------------------
PROCESSING PERIOD 39
External shocks: Processing...
External shocks: OK!

---------------------
RESULTS OF PERIOD 39:

Survivors from previous period: 32
New entrants in this period: 5
Firms in the market: 37
Age of oldest firm: 38
Age of youngest firm: 0
Average age: 17.2
Active firms: 35
Inactive firms: 2
Exiting firms after this period: 4
Survivors from this period: 33
Weighted marginal cost: 39.99
Average proximity to optimal tech: 59.05%
Price: 48.15
Industry output: 1007.41
Average output: 28.78

----------------------------------
PROCESSING PERIOD 40
External shocks: Processing...
External shocks: OK!

---------------------
RESULTS OF PERIOD 40:

Survivors from previous period: 33
New entrants in this period: 3
Firms in the market: 36
Age of oldest firm: 39
Age of youngest firm: 0
Average age: 18.5
Active firms: 34
Inactive firms: 2
Exiting firms after this period: 1
Survivors from this period: 35
Weighted marginal cost: 39.79
Average proximity to optimal tech: 59.25%
Price: 48.15
Industry output: 1007.38
Average output: 29.63

----------------------------------
PROCESSING PERIOD 41
External shocks: Processing...
External shocks: OK!

---------------------
RESULTS OF PERIOD 41:

Survivors from previous period: 35
New entrants in this period: 2
Firms in the market: 37
Age of oldest firm: 40
Age of youngest firm: 0
Average age: 18.1
Active firms: 36
Inactive firms: 1
Exiting firms after this period: 2
Survivors from this period: 35
Weighted marginal cost: 39.78
Average proximity to optimal tech: 59.26%
Price: 47.75
Industry output: 1009.01
Average output: 28.03

----------------------------------
PROCESSING PERIOD 42
External shocks: Processing...
External shocks: OK!

---------------------
RESULTS OF PERIOD 42:

Survivors from previous period: 35
New entrants in this period: 6
Firms in the market: 41
Age of oldest firm: 41
Age of youngest firm: 0
Average age: 17.0
Active firms: 40
Inactive firms: 1
Exiting firms after this period: 4
Survivors from this period: 37
Weighted marginal cost: 39.64
Average proximity to optimal tech: 59.38%
Price: 46.95
Industry output: 1012.20
Average output: 25.30

----------------------------------
PROCESSING PERIOD 43
External shocks: Processing...
External shocks: OK!

---------------------
RESULTS OF PERIOD 43:

Survivors from previous period: 37
New entrants in this period: 3
Firms in the market: 40
Age of oldest firm: 42
Age of youngest firm: 0
Average age: 18.3
Active firms: 39
Inactive firms: 1
Exiting firms after this period: 2
Survivors from this period: 38
Weighted marginal cost: 39.31
Average proximity to optimal tech: 59.62%
Price: 46.88
Industry output: 1012.50
Average output: 25.96

----------------------------------
PROCESSING PERIOD 44
External shocks: Processing...
External shocks: OK!

---------------------
RESULTS OF PERIOD 44:

Survivors from previous period: 38
New entrants in this period: 3
Firms in the market: 41
Age of oldest firm: 43
Age of youngest firm: 0
Average age: 18.5
Active firms: 39
Inactive firms: 2
Exiting firms after this period: 5
Survivors from this period: 36
Weighted marginal cost: 39.05
Average proximity to optimal tech: 59.99%
Price: 46.51
Industry output: 1013.96
Average output: 26.00

----------------------------------
PROCESSING PERIOD 45
External shocks: Processing...
External shocks: OK!

---------------------
RESULTS OF PERIOD 45:

Survivors from previous period: 36
New entrants in this period: 2
Firms in the market: 38
Age of oldest firm: 44
Age of youngest firm: 0
Average age: 20.0
Active firms: 37
Inactive firms: 1
Exiting firms after this period: 2
Survivors from this period: 36
Weighted marginal cost: 38.93
Average proximity to optimal tech: 59.97%
Price: 46.88
Industry output: 1012.50
Average output: 27.36

----------------------------------
PROCESSING PERIOD 46
External shocks: Processing...
External shocks: OK!

---------------------
RESULTS OF PERIOD 46:

Survivors from previous period: 36
New entrants in this period: 3
Firms in the market: 39
Age of oldest firm: 45
Age of youngest firm: 0
Average age: 20.1
Active firms: 37
Inactive firms: 2
Exiting firms after this period: 1
Survivors from this period: 38
Weighted marginal cost: 38.73
Average proximity to optimal tech: 60.33%
Price: 46.52
Industry output: 1013.93
Average output: 27.40

----------------------------------
PROCESSING PERIOD 47
External shocks: Processing...
External shocks: OK!

---------------------
RESULTS OF PERIOD 47:

Survivors from previous period: 38
New entrants in this period: 1
Firms in the market: 39
Age of oldest firm: 46
Age of youngest firm: 0
Average age: 21.0
Active firms: 37
Inactive firms: 2
Exiting firms after this period: 2
Survivors from this period: 37
Weighted marginal cost: 38.71
Average proximity to optimal tech: 60.36%
Price: 46.49
Industry output: 1014.04
Average output: 27.41

----------------------------------
PROCESSING PERIOD 48
External shocks: Processing...
External shocks: OK!

---------------------
RESULTS OF PERIOD 48:

Survivors from previous period: 37
New entrants in this period: 1
Firms in the market: 38
Age of oldest firm: 47
Age of youngest firm: 0
Average age: 22.3
Active firms: 36
Inactive firms: 2
Exiting firms after this period: 1
Survivors from this period: 37
Weighted marginal cost: 38.65
Average proximity to optimal tech: 60.42%
Price: 46.62
Industry output: 1013.51
Average output: 28.15

----------------------------------
PROCESSING PERIOD 49
External shocks: Processing...
External shocks: OK!

---------------------
RESULTS OF PERIOD 49:

Survivors from previous period: 37
New entrants in this period: 3
Firms in the market: 40
Age of oldest firm: 48
Age of youngest firm: 0
Average age: 21.0
Active firms: 39
Inactive firms: 1
Exiting firms after this period: 4
Survivors from this period: 36
Weighted marginal cost: 38.59
Average proximity to optimal tech: 60.47%
Price: 46.04
Industry output: 1015.83
Average output: 26.05

----------------------------------
PROCESSING PERIOD 50
External shocks: Processing...
External shocks: OK!

---------------------
RESULTS OF PERIOD 50:

Survivors from previous period: 36
New entrants in this period: 0
Firms in the market: 36
Age of oldest firm: 49
Age of youngest firm: 1
Average age: 23.5
Active firms: 35
Inactive firms: 1
Exiting firms after this period: 0
Survivors from this period: 36
Weighted marginal cost: 38.56
Average proximity to optimal tech: 60.51%
Price: 46.73
Industry output: 1013.08
Average output: 28.95

Simulation completed in 0.18 seconds
Saving log...