
sys.version_info(major=3, minor=6, micro=0, releaselevel='final', serial=0)
----- PARAMETERS -----
DemandIntercept: 300
FixedCost: 200
InitialMarketSize: 4
LogLevel: {'Console': ['INFO'], 'File': ['INFO', 'DEBUG', 'TRACE']}
MaxMagnituteOfTechChange: 8
MinimumWealthForSurvival: 0
NumberOfPeriods: 50
NumberOfPotentialEntrants: 40
NumberOfTasks: 96
PeriodStartOfTechChange: 20
RateOfTechChange: 0.1
StartupWealth: 0

----------------------------------
PROCESSING PERIOD 1
External shocks: Processing...
External shocks: OK!
Entry decisions: Processing...
Entry decisions: OK!
Shutdown decisions: Processing...
Shutdown decisions: OK! 9 loops
Updating 32 active firms: Processing...
Updating 32 active firms: OK!
Updating 8 inactive firms: Processing...
Updating 8 inactive firms: OK!
Exit decisions: Processing...
Exit decisions: OK!
Firms exiting: Processing...
Firms exiting: OK!
----------------------------------
PROCESSING PERIOD 2
External shocks: Processing...
External shocks: OK!
Entry decisions: Processing...
Entry decisions: OK!
Shutdown decisions: Processing...
Shutdown decisions: OK! 5 loops
Updating 40 active firms: Processing...
Updating 40 active firms: OK!
Updating 4 inactive firms: Processing...
Updating 4 inactive firms: OK!
Exit decisions: Processing...
Exit decisions: OK!
Firms exiting: Processing...
Firms exiting: OK!
----------------------------------
PROCESSING PERIOD 3
External shocks: Processing...
External shocks: OK!
Entry decisions: Processing...
Entry decisions: OK!
Shutdown decisions: Processing...
Shutdown decisions: OK! 1 loops
Updating 44 active firms: Processing...
Updating 44 active firms: OK!
Updating 0 inactive firms: Processing...
Updating 0 inactive firms: OK!
Exit decisions: Processing...
Exit decisions: OK!
Firms exiting: Processing...
Firms exiting: OK!
----------------------------------
PROCESSING PERIOD 4
External shocks: Processing...
External shocks: OK!
Entry decisions: Processing...
Entry decisions: OK!
Shutdown decisions: Processing...
Shutdown decisions: OK! 12 loops
Updating 39 active firms: Processing...
Updating 39 active firms: OK!
Updating 11 inactive firms: Processing...
Updating 11 inactive firms: OK!
Exit decisions: Processing...
Exit decisions: OK!
Firms exiting: Processing...
Firms exiting: OK!
----------------------------------
PROCESSING PERIOD 5
External shocks: Processing...
External shocks: OK!
Entry decisions: Processing...
Entry decisions: OK!
Shutdown decisions: Processing...
Shutdown decisions: OK! 1 loops
Updating 39 active firms: Processing...
Updating 39 active firms: OK!
Updating 0 inactive firms: Processing...
Updating 0 inactive firms: OK!
Exit decisions: Processing...
Exit decisions: OK!
Firms exiting: Processing...
Firms exiting: OK!
----------------------------------
PROCESSING PERIOD 6
External shocks: Processing...
External shocks: OK!
Entry decisions: Processing...
Entry decisions: OK!
Shutdown decisions: Processing...
Shutdown decisions: OK! 1 loops
Updating 36 active firms: Processing...
Updating 36 active firms: OK!
Updating 0 inactive firms: Processing...
Updating 0 inactive firms: OK!
Exit decisions: Processing...
Exit decisions: OK!
Firms exiting: Processing...
Firms exiting: OK!
----------------------------------
PROCESSING PERIOD 7
External shocks: Processing...
External shocks: OK!
Entry decisions: Processing...
Entry decisions: OK!
Shutdown decisions: Processing...
Shutdown decisions: OK! 1 loops
Updating 33 active firms: Processing...
Updating 33 active firms: OK!
Updating 0 inactive firms: Processing...
Updating 0 inactive firms: OK!
Exit decisions: Processing...
Exit decisions: OK!
Firms exiting: Processing...
Firms exiting: OK!
----------------------------------
PROCESSING PERIOD 8
External shocks: Processing...
External shocks: OK!
Entry decisions: Processing...
Entry decisions: OK!
Shutdown decisions: Processing...
Shutdown decisions: OK! 1 loops
Updating 34 active firms: Processing...
Updating 34 active firms: OK!
Updating 0 inactive firms: Processing...
Updating 0 inactive firms: OK!
Exit decisions: Processing...
Exit decisions: OK!
Firms exiting: Processing...
Firms exiting: OK!
----------------------------------
PROCESSING PERIOD 9
External shocks: Processing...
External shocks: OK!
Entry decisions: Processing...
Entry decisions: OK!
Shutdown decisions: Processing...
Shutdown decisions: OK! 1 loops
Updating 34 active firms: Processing...
Updating 34 active firms: OK!
Updating 0 inactive firms: Processing...
Updating 0 inactive firms: OK!
Exit decisions: Processing...
Exit decisions: OK!
Firms exiting: Processing...
Firms exiting: OK!
----------------------------------
PROCESSING PERIOD 10
External shocks: Processing...
External shocks: OK!
Entry decisions: Processing...
Entry decisions: OK!
Shutdown decisions: Processing...
Shutdown decisions: OK! 1 loops
Updating 33 active firms: Processing...
Updating 33 active firms: OK!
Updating 0 inactive firms: Processing...
Updating 0 inactive firms: OK!
Exit decisions: Processing...
Exit decisions: OK!
Firms exiting: Processing...
Firms exiting: OK!
----------------------------------
PROCESSING PERIOD 11
External shocks: Processing...
External shocks: OK!
Entry decisions: Processing...
Entry decisions: OK!
Shutdown decisions: Processing...
Shutdown decisions: OK! 1 loops
Updating 30 active firms: Processing...
Updating 30 active firms: OK!
Updating 0 inactive firms: Processing...
Updating 0 inactive firms: OK!
Exit decisions: Processing...
Exit decisions: OK!
Firms exiting: Processing...
Firms exiting: OK!
----------------------------------
PROCESSING PERIOD 12
External shocks: Processing...
External shocks: OK!
Entry decisions: Processing...
Entry decisions: OK!
Shutdown decisions: Processing...
Shutdown decisions: OK! 1 loops
Updating 34 active firms: Processing...
Updating 34 active firms: OK!
Updating 0 inactive firms: Processing...
Updating 0 inactive firms: OK!
Exit decisions: Processing...
Exit decisions: OK!
Firms exiting: Processing...
Firms exiting: OK!
----------------------------------
PROCESSING PERIOD 13
External shocks: Processing...
External shocks: OK!
Entry decisions: Processing...
Entry decisions: OK!
Shutdown decisions: Processing...
Shutdown decisions: OK! 1 loops
Updating 30 active firms: Processing...
Updating 30 active firms: OK!
Updating 0 inactive firms: Processing...
Updating 0 inactive firms: OK!
Exit decisions: Processing...
Exit decisions: OK!
Firms exiting: Processing...
Firms exiting: OK!
----------------------------------
PROCESSING PERIOD 14
External shocks: Processing...
External shocks: OK!
Entry decisions: Processing...
Entry decisions: OK!
Shutdown decisions: Processing...
Shutdown decisions: OK! 1 loops
Updating 32 active firms: Processing...
Updating 32 active firms: OK!
Updating 0 inactive firms: Processing...
Updating 0 inactive firms: OK!
Exit decisions: Processing...
Exit decisions: OK!
Firms exiting: Processing...
Firms exiting: OK!
----------------------------------
PROCESSING PERIOD 15
External shocks: Processing...
External shocks: OK!
Entry decisions: Processing...
Entry decisions: OK!
Shutdown decisions: Processing...
Shutdown decisions: OK! 1 loops
Updating 27 active firms: Processing...
Updating 27 active firms: OK!
Updating 0 inactive firms: Processing...
Updating 0 inactive firms: OK!
Exit decisions: Processing...
Exit decisions: OK!
Firms exiting: Processing...
Firms exiting: OK!
----------------------------------
PROCESSING PERIOD 16
External shocks: Processing...
External shocks: OK!
Entry decisions: Processing...
Entry decisions: OK!
Shutdown decisions: Processing...
Shutdown decisions: OK! 1 loops
Updating 32 active firms: Processing...
Updating 32 active firms: OK!
Updating 0 inactive firms: Processing...
Updating 0 inactive firms: OK!
Exit decisions: Processing...
Exit decisions: OK!
Firms exiting: Processing...
Firms exiting: OK!
----------------------------------
PROCESSING PERIOD 17
External shocks: Processing...
External shocks: OK!
Entry decisions: Processing...
Entry decisions: OK!
Shutdown decisions: Processing...
Shutdown decisions: OK! 1 loops
Updating 34 active firms: Processing...
Updating 34 active firms: OK!
Updating 0 inactive firms: Processing...
Updating 0 inactive firms: OK!
Exit decisions: Processing...
Exit decisions: OK!
Firms exiting: Processing...
Firms exiting: OK!
----------------------------------
PROCESSING PERIOD 18
External shocks: Processing...
External shocks: OK!
Entry decisions: Processing...
Entry decisions: OK!
Shutdown decisions: Processing...
Shutdown decisions: OK! 1 loops
Updating 31 active firms: Processing...
Updating 31 active firms: OK!
Updating 0 inactive firms: Processing...
Updating 0 inactive firms: OK!
Exit decisions: Processing...
Exit decisions: OK!
Firms exiting: Processing...
Firms exiting: OK!
----------------------------------
PROCESSING PERIOD 19
External shocks: Processing...
External shocks: OK!
Entry decisions: Processing...
Entry decisions: OK!
Shutdown decisions: Processing...
Shutdown decisions: OK! 1 loops
Updating 31 active firms: Processing...
Updating 31 active firms: OK!
Updating 0 inactive firms: Processing...
Updating 0 inactive firms: OK!
Exit decisions: Processing...
Exit decisions: OK!
Firms exiting: Processing...
Firms exiting: OK!
----------------------------------
PROCESSING PERIOD 20
External shocks: Processing...
External shocks: OK!
Entry decisions: Processing...
Entry decisions: OK!
Shutdown decisions: Processing...
Shutdown decisions: OK! 1 loops
Updating 34 active firms: Processing...
Updating 34 active firms: OK!
Updating 0 inactive firms: Processing...
Updating 0 inactive firms: OK!
Exit decisions: Processing...
Exit decisions: OK!
Firms exiting: Processing...
Firms exiting: OK!
----------------------------------
PROCESSING PERIOD 21
External shocks: Processing...
External shocks: OK!
Entry decisions: Processing...
Entry decisions: OK!
Shutdown decisions: Processing...
Shutdown decisions: OK! 1 loops
Updating 29 active firms: Processing...
Updating 29 active firms: OK!
Updating 0 inactive firms: Processing...
Updating 0 inactive firms: OK!
Exit decisions: Processing...
Exit decisions: OK!
Firms exiting: Processing...
Firms exiting: OK!
----------------------------------
PROCESSING PERIOD 22
External shocks: Processing...
External shocks: OK!
Entry decisions: Processing...
Entry decisions: OK!
Shutdown decisions: Processing...
Shutdown decisions: OK! 1 loops
Updating 31 active firms: Processing...
Updating 31 active firms: OK!
Updating 0 inactive firms: Processing...
Updating 0 inactive firms: OK!
Exit decisions: Processing...
Exit decisions: OK!
Firms exiting: Processing...
Firms exiting: OK!
----------------------------------
PROCESSING PERIOD 23
External shocks: Processing...
External shocks: OK!
Entry decisions: Processing...
Entry decisions: OK!
Shutdown decisions: Processing...
Shutdown decisions: OK! 1 loops
Updating 29 active firms: Processing...
Updating 29 active firms: OK!
Updating 0 inactive firms: Processing...
Updating 0 inactive firms: OK!
Exit decisions: Processing...
Exit decisions: OK!
Firms exiting: Processing...
Firms exiting: OK!
----------------------------------
PROCESSING PERIOD 24
External shocks: Processing...
External shocks: OK!
Entry decisions: Processing...
Entry decisions: OK!
Shutdown decisions: Processing...
Shutdown decisions: OK! 1 loops
Updating 32 active firms: Processing...
Updating 32 active firms: OK!
Updating 0 inactive firms: Processing...
Updating 0 inactive firms: OK!
Exit decisions: Processing...
Exit decisions: OK!
Firms exiting: Processing...
Firms exiting: OK!
----------------------------------
PROCESSING PERIOD 25
External shocks: Processing...
External shocks: OK!
Entry decisions: Processing...
Entry decisions: OK!
Shutdown decisions: Processing...
Shutdown decisions: OK! 1 loops
Updating 32 active firms: Processing...
Updating 32 active firms: OK!
Updating 0 inactive firms: Processing...
Updating 0 inactive firms: OK!
Exit decisions: Processing...
Exit decisions: OK!
Firms exiting: Processing...
Firms exiting: OK!
----------------------------------
PROCESSING PERIOD 26
External shocks: Processing...
External shocks: OK!
Entry decisions: Processing...
Entry decisions: OK!
Shutdown decisions: Processing...
Shutdown decisions: OK! 1 loops
Updating 34 active firms: Processing...
Updating 34 active firms: OK!
Updating 0 inactive firms: Processing...
Updating 0 inactive firms: OK!
Exit decisions: Processing...
Exit decisions: OK!
Firms exiting: Processing...
Firms exiting: OK!
----------------------------------
PROCESSING PERIOD 27
External shocks: Processing...
External shocks: OK!
Entry decisions: Processing...
Entry decisions: OK!
Shutdown decisions: Processing...
Shutdown decisions: OK! 1 loops
Updating 32 active firms: Processing...
Updating 32 active firms: OK!
Updating 0 inactive firms: Processing...
Updating 0 inactive firms: OK!
Exit decisions: Processing...
Exit decisions: OK!
Firms exiting: Processing...
Firms exiting: OK!
----------------------------------
PROCESSING PERIOD 28
External shocks: Processing...
External shocks: OK!
Entry decisions: Processing...
Entry decisions: OK!
Shutdown decisions: Processing...
Shutdown decisions: OK! 1 loops
Updating 29 active firms: Processing...
Updating 29 active firms: OK!
Updating 0 inactive firms: Processing...
Updating 0 inactive firms: OK!
Exit decisions: Processing...
Exit decisions: OK!
Firms exiting: Processing...
Firms exiting: OK!
----------------------------------
PROCESSING PERIOD 29
External shocks: Processing...
External shocks: OK!
Entry decisions: Processing...
Entry decisions: OK!
Shutdown decisions: Processing...
Shutdown decisions: OK! 1 loops
Updating 31 active firms: Processing...
Updating 31 active firms: OK!
Updating 0 inactive firms: Processing...
Updating 0 inactive firms: OK!
Exit decisions: Processing...
Exit decisions: OK!
Firms exiting: Processing...
Firms exiting: OK!
----------------------------------
PROCESSING PERIOD 30
External shocks: Processing...
External shocks: OK!
Entry decisions: Processing...
Entry decisions: OK!
Shutdown decisions: Processing...
Shutdown decisions: OK! 1 loops
Updating 33 active firms: Processing...
Updating 33 active firms: OK!
Updating 0 inactive firms: Processing...
Updating 0 inactive firms: OK!
Exit decisions: Processing...
Exit decisions: OK!
Firms exiting: Processing...
Firms exiting: OK!
----------------------------------
PROCESSING PERIOD 31
External shocks: Processing...
External shocks: OK!
Entry decisions: Processing...
Entry decisions: OK!
Shutdown decisions: Processing...
Shutdown decisions: OK! 1 loops
Updating 32 active firms: Processing...
Updating 32 active firms: OK!
Updating 0 inactive firms: Processing...
Updating 0 inactive firms: OK!
Exit decisions: Processing...
Exit decisions: OK!
Firms exiting: Processing...
Firms exiting: OK!
----------------------------------
PROCESSING PERIOD 32
External shocks: Processing...
External shocks: OK!
Entry decisions: Processing...
Entry decisions: OK!
Shutdown decisions: Processing...
Shutdown decisions: OK! 1 loops
Updating 29 active firms: Processing...
Updating 29 active firms: OK!
Updating 0 inactive firms: Processing...
Updating 0 inactive firms: OK!
Exit decisions: Processing...
Exit decisions: OK!
Firms exiting: Processing...
Firms exiting: OK!
----------------------------------
PROCESSING PERIOD 33
External shocks: Processing...
External shocks: OK!
Entry decisions: Processing...
Entry decisions: OK!
Shutdown decisions: Processing...
Shutdown decisions: OK! 1 loops
Updating 30 active firms: Processing...
Updating 30 active firms: OK!
Updating 0 inactive firms: Processing...
Updating 0 inactive firms: OK!
Exit decisions: Processing...
Exit decisions: OK!
Firms exiting: Processing...
Firms exiting: OK!
----------------------------------
PROCESSING PERIOD 34
External shocks: Processing...
External shocks: OK!
Entry decisions: Processing...
Entry decisions: OK!
Shutdown decisions: Processing...
Shutdown decisions: OK! 1 loops
Updating 33 active firms: Processing...
Updating 33 active firms: OK!
Updating 0 inactive firms: Processing...
Updating 0 inactive firms: OK!
Exit decisions: Processing...
Exit decisions: OK!
Firms exiting: Processing...
Firms exiting: OK!
----------------------------------
PROCESSING PERIOD 35
External shocks: Processing...
External shocks: OK!
Entry decisions: Processing...
Entry decisions: OK!
Shutdown decisions: Processing...
Shutdown decisions: OK! 1 loops
Updating 28 active firms: Processing...
Updating 28 active firms: OK!
Updating 0 inactive firms: Processing...
Updating 0 inactive firms: OK!
Exit decisions: Processing...
Exit decisions: OK!
Firms exiting: Processing...
Firms exiting: OK!
----------------------------------
PROCESSING PERIOD 36
External shocks: Processing...
External shocks: OK!
Entry decisions: Processing...
Entry decisions: OK!
Shutdown decisions: Processing...
Shutdown decisions: OK! 1 loops
Updating 31 active firms: Processing...
Updating 31 active firms: OK!
Updating 0 inactive firms: Processing...
Updating 0 inactive firms: OK!
Exit decisions: Processing...
Exit decisions: OK!
Firms exiting: Processing...
Firms exiting: OK!
----------------------------------
PROCESSING PERIOD 37
External shocks: Processing...
External shocks: OK!
Entry decisions: Processing...
Entry decisions: OK!
Shutdown decisions: Processing...
Shutdown decisions: OK! 1 loops
Updating 30 active firms: Processing...
Updating 30 active firms: OK!
Updating 0 inactive firms: Processing...
Updating 0 inactive firms: OK!
Exit decisions: Processing...
Exit decisions: OK!
Firms exiting: Processing...
Firms exiting: OK!
----------------------------------
PROCESSING PERIOD 38
External shocks: Processing...
External shocks: OK!
Entry decisions: Processing...
Entry decisions: OK!
Shutdown decisions: Processing...
Shutdown decisions: OK! 1 loops
Updating 30 active firms: Processing...
Updating 30 active firms: OK!
Updating 0 inactive firms: Processing...
Updating 0 inactive firms: OK!
Exit decisions: Processing...
Exit decisions: OK!
Firms exiting: Processing...
Firms exiting: OK!
----------------------------------
PROCESSING PERIOD 39
External shocks: Processing...
External shocks: OK!
Entry decisions: Processing...
Entry decisions: OK!
Shutdown decisions: Processing...
Shutdown decisions: OK! 1 loops
Updating 28 active firms: Processing...
Updating 28 active firms: OK!
Updating 0 inactive firms: Processing...
Updating 0 inactive firms: OK!
Exit decisions: Processing...
Exit decisions: OK!
Firms exiting: Processing...
Firms exiting: OK!
----------------------------------
PROCESSING PERIOD 40
External shocks: Processing...
External shocks: OK!
Entry decisions: Processing...
Entry decisions: OK!
Shutdown decisions: Processing...
Shutdown decisions: OK! 1 loops
Updating 31 active firms: Processing...
Updating 31 active firms: OK!
Updating 0 inactive firms: Processing...
Updating 0 inactive firms: OK!
Exit decisions: Processing...
Exit decisions: OK!
Firms exiting: Processing...
Firms exiting: OK!
----------------------------------
PROCESSING PERIOD 41
External shocks: Processing...
External shocks: OK!
Entry decisions: Processing...
Entry decisions: OK!
Shutdown decisions: Processing...
Shutdown decisions: OK! 1 loops
Updating 34 active firms: Processing...
Updating 34 active firms: OK!
Updating 0 inactive firms: Processing...
Updating 0 inactive firms: OK!
Exit decisions: Processing...
Exit decisions: OK!
Firms exiting: Processing...
Firms exiting: OK!
----------------------------------
PROCESSING PERIOD 42
External shocks: Processing...
External shocks: OK!
Entry decisions: Processing...
Entry decisions: OK!
Shutdown decisions: Processing...
Shutdown decisions: OK! 1 loops
Updating 30 active firms: Processing...
Updating 30 active firms: OK!
Updating 0 inactive firms: Processing...
Updating 0 inactive firms: OK!
Exit decisions: Processing...
Exit decisions: OK!
Firms exiting: Processing...
Firms exiting: OK!
----------------------------------
PROCESSING PERIOD 43
External shocks: Processing...
External shocks: OK!
Entry decisions: Processing...
Entry decisions: OK!
Shutdown decisions: Processing...
Shutdown decisions: OK! 1 loops
Updating 31 active firms: Processing...
Updating 31 active firms: OK!
Updating 0 inactive firms: Processing...
Updating 0 inactive firms: OK!
Exit decisions: Processing...
Exit decisions: OK!
Firms exiting: Processing...
Firms exiting: OK!
----------------------------------
PROCESSING PERIOD 44
External shocks: Processing...
External shocks: OK!
Entry decisions: Processing...
Entry decisions: OK!
Shutdown decisions: Processing...
Shutdown decisions: OK! 1 loops
Updating 34 active firms: Processing...
Updating 34 active firms: OK!
Updating 0 inactive firms: Processing...
Updating 0 inactive firms: OK!
Exit decisions: Processing...
Exit decisions: OK!
Firms exiting: Processing...
Firms exiting: OK!
----------------------------------
PROCESSING PERIOD 45
External shocks: Processing...
External shocks: OK!
Entry decisions: Processing...
Entry decisions: OK!
Shutdown decisions: Processing...
Shutdown decisions: OK! 1 loops
Updating 32 active firms: Processing...
Updating 32 active firms: OK!
Updating 0 inactive firms: Processing...
Updating 0 inactive firms: OK!
Exit decisions: Processing...
Exit decisions: OK!
Firms exiting: Processing...
Firms exiting: OK!
----------------------------------
PROCESSING PERIOD 46
External shocks: Processing...
External shocks: OK!
Entry decisions: Processing...
Entry decisions: OK!
Shutdown decisions: Processing...
Shutdown decisions: OK! 1 loops
Updating 33 active firms: Processing...
Updating 33 active firms: OK!
Updating 0 inactive firms: Processing...
Updating 0 inactive firms: OK!
Exit decisions: Processing...
Exit decisions: OK!
Firms exiting: Processing...
Firms exiting: OK!
----------------------------------
PROCESSING PERIOD 47
External shocks: Processing...
External shocks: OK!
Entry decisions: Processing...
Entry decisions: OK!
Shutdown decisions: Processing...
Shutdown decisions: OK! 1 loops
Updating 32 active firms: Processing...
Updating 32 active firms: OK!
Updating 0 inactive firms: Processing...
Updating 0 inactive firms: OK!
Exit decisions: Processing...
Exit decisions: OK!
Firms exiting: Processing...
Firms exiting: OK!
----------------------------------
PROCESSING PERIOD 48
External shocks: Processing...
External shocks: OK!
Entry decisions: Processing...
Entry decisions: OK!
Shutdown decisions: Processing...
Shutdown decisions: OK! 1 loops
Updating 37 active firms: Processing...
Updating 37 active firms: OK!
Updating 0 inactive firms: Processing...
Updating 0 inactive firms: OK!
Exit decisions: Processing...
Exit decisions: OK!
Firms exiting: Processing...
Firms exiting: OK!
----------------------------------
PROCESSING PERIOD 49
External shocks: Processing...
External shocks: OK!
Entry decisions: Processing...
Entry decisions: OK!
Shutdown decisions: Processing...
Shutdown decisions: OK! 1 loops
Updating 33 active firms: Processing...
Updating 33 active firms: OK!
Updating 0 inactive firms: Processing...
Updating 0 inactive firms: OK!
Exit decisions: Processing...
Exit decisions: OK!
Firms exiting: Processing...
Firms exiting: OK!
----------------------------------
PROCESSING PERIOD 50
External shocks: Processing...
External shocks: OK!
Entry decisions: Processing...
Entry decisions: OK!
Shutdown decisions: Processing...
Shutdown decisions: OK! 1 loops
Updating 36 active firms: Processing...
Updating 36 active firms: OK!
Updating 0 inactive firms: Processing...
Updating 0 inactive firms: OK!
Exit decisions: Processing...
Exit decisions: OK!
Firms exiting: Processing...
Firms exiting: OK!
Simulation completed in 0.13 seconds
Saving log...