
sys.version_info(major=3, minor=6, micro=0, releaselevel='final', serial=0)
----- PARAMETERS -----
DemandIntercept: 300
FixedCost: 200
InitialMarketSize: 4
LogLevel: {'Console': ['INFO'], 'File': ['INFO', 'DEBUG', 'TRACE']}
MaxMagnituteOfTechChange: 8
MinimumWealthForSurvival: 0
NumberOfPeriods: 50
NumberOfPotentialEntrants: 40
NumberOfTasks: 96
PeriodStartOfTechChange: 20
RateOfTechChange: 0.1
StartupWealth: 0

PROCESSING PERIOD 1
PROCESSING PERIOD 2
PROCESSING PERIOD 3
PROCESSING PERIOD 4
PROCESSING PERIOD 5
PROCESSING PERIOD 6
PROCESSING PERIOD 7
PROCESSING PERIOD 8
PROCESSING PERIOD 9
PROCESSING PERIOD 10
PROCESSING PERIOD 11
PROCESSING PERIOD 12
PROCESSING PERIOD 13
PROCESSING PERIOD 14
PROCESSING PERIOD 15
PROCESSING PERIOD 16
PROCESSING PERIOD 17
PROCESSING PERIOD 18
PROCESSING PERIOD 19
PROCESSING PERIOD 20
PROCESSING PERIOD 21
PROCESSING PERIOD 22
PROCESSING PERIOD 23
PROCESSING PERIOD 24
PROCESSING PERIOD 25
PROCESSING PERIOD 26
PROCESSING PERIOD 27
PROCESSING PERIOD 28
PROCESSING PERIOD 29
PROCESSING PERIOD 30
PROCESSING PERIOD 31
PROCESSING PERIOD 32
PROCESSING PERIOD 33
PROCESSING PERIOD 34
PROCESSING PERIOD 35
PROCESSING PERIOD 36
PROCESSING PERIOD 37
PROCESSING PERIOD 38
PROCESSING PERIOD 39
PROCESSING PERIOD 40
PROCESSING PERIOD 41
PROCESSING PERIOD 42
PROCESSING PERIOD 43
PROCESSING PERIOD 44
PROCESSING PERIOD 45
PROCESSING PERIOD 46
PROCESSING PERIOD 47
PROCESSING PERIOD 48
PROCESSING PERIOD 49
PROCESSING PERIOD 50
Simulation completed in 0.13 seconds
Saving log...