
sys.version_info(major=3, minor=6, micro=0, releaselevel='final', serial=0)
----- PARAMETERS -----
DemandIntercept: 300
FixedCost: 200
InitialMarketSize: 4
LogLevel: {'Console': ['INFO', 'DEBUG', 'TRACE'], 'File': ['INFO', 'DEBUG', 'TRACE']}
MaxMagnituteOfTechChange: 8
MinimumWealthForSurvival: 0
NumberOfPeriods: 50
NumberOfPotentialEntrants: 40
NumberOfTasks: 96
PeriodStartOfTechChange: 20
RateOfTechChange: 0.1
StartupWealth: 0

----------------------------------
PROCESSING PERIOD 1

External shocks: Processing...
External shocks: OK!
Entry decisions: Processing...
Entry decisions: OK!
Shutdown decisions: Processing...
Shutdown decisions: OK! 6 loops
Updating 35 active firms: Processing...
Updating 35 active firms: OK!
Updating 5 inactive firms: Processing...
Updating 5 inactive firms: OK!
Exit decisions: Processing...
Exit decisions: OK!
Firms exiting: Processing...
Firms exiting: OK!
DONE PROCESSING PERIOD 1.
----------------------------------
PROCESSING PERIOD 2

External shocks: Processing...
External shocks: OK!
Entry decisions: Processing...
Entry decisions: OK!
Shutdown decisions: Processing...
Shutdown decisions: OK! 17 loops
Updating 36 active firms: Processing...
Updating 36 active firms: OK!
Updating 16 inactive firms: Processing...
Updating 16 inactive firms: OK!
Exit decisions: Processing...
Exit decisions: OK!
Firms exiting: Processing...
Firms exiting: OK!
DONE PROCESSING PERIOD 2.
----------------------------------
PROCESSING PERIOD 3

External shocks: Processing...
External shocks: OK!
Entry decisions: Processing...
Entry decisions: OK!
Shutdown decisions: Processing...
Shutdown decisions: OK! 1 loops
Updating 45 active firms: Processing...
Updating 45 active firms: OK!
Updating 0 inactive firms: Processing...
Updating 0 inactive firms: OK!
Exit decisions: Processing...
Exit decisions: OK!
Firms exiting: Processing...
Firms exiting: OK!
DONE PROCESSING PERIOD 3.
----------------------------------
PROCESSING PERIOD 4

External shocks: Processing...
External shocks: OK!
Entry decisions: Processing...
Entry decisions: OK!
Shutdown decisions: Processing...
Shutdown decisions: OK! 1 loops
Updating 41 active firms: Processing...
Updating 41 active firms: OK!
Updating 0 inactive firms: Processing...
Updating 0 inactive firms: OK!
Exit decisions: Processing...
Exit decisions: OK!
Firms exiting: Processing...
Firms exiting: OK!
DONE PROCESSING PERIOD 4.
----------------------------------
PROCESSING PERIOD 5

External shocks: Processing...
External shocks: OK!
Entry decisions: Processing...
Entry decisions: OK!
Shutdown decisions: Processing...
Shutdown decisions: OK! 1 loops
Updating 30 active firms: Processing...
Updating 30 active firms: OK!
Updating 0 inactive firms: Processing...
Updating 0 inactive firms: OK!
Exit decisions: Processing...
Exit decisions: OK!
Firms exiting: Processing...
Firms exiting: OK!
DONE PROCESSING PERIOD 5.
----------------------------------
PROCESSING PERIOD 6

External shocks: Processing...
External shocks: OK!
Entry decisions: Processing...
Entry decisions: OK!
Shutdown decisions: Processing...
Shutdown decisions: OK! 1 loops
Updating 32 active firms: Processing...
Updating 32 active firms: OK!
Updating 0 inactive firms: Processing...
Updating 0 inactive firms: OK!
Exit decisions: Processing...
Exit decisions: OK!
Firms exiting: Processing...
Firms exiting: OK!
DONE PROCESSING PERIOD 6.
----------------------------------
PROCESSING PERIOD 7

External shocks: Processing...
External shocks: OK!
Entry decisions: Processing...
Entry decisions: OK!
Shutdown decisions: Processing...
Shutdown decisions: OK! 1 loops
Updating 30 active firms: Processing...
Updating 30 active firms: OK!
Updating 0 inactive firms: Processing...
Updating 0 inactive firms: OK!
Exit decisions: Processing...
Exit decisions: OK!
Firms exiting: Processing...
Firms exiting: OK!
DONE PROCESSING PERIOD 7.
----------------------------------
PROCESSING PERIOD 8

External shocks: Processing...
External shocks: OK!
Entry decisions: Processing...
Entry decisions: OK!
Shutdown decisions: Processing...
Shutdown decisions: OK! 1 loops
Updating 31 active firms: Processing...
Updating 31 active firms: OK!
Updating 0 inactive firms: Processing...
Updating 0 inactive firms: OK!
Exit decisions: Processing...
Exit decisions: OK!
Firms exiting: Processing...
Firms exiting: OK!
DONE PROCESSING PERIOD 8.
----------------------------------
PROCESSING PERIOD 9

External shocks: Processing...
External shocks: OK!
Entry decisions: Processing...
Entry decisions: OK!
Shutdown decisions: Processing...
Shutdown decisions: OK! 1 loops
Updating 35 active firms: Processing...
Updating 35 active firms: OK!
Updating 0 inactive firms: Processing...
Updating 0 inactive firms: OK!
Exit decisions: Processing...
Exit decisions: OK!
Firms exiting: Processing...
Firms exiting: OK!
DONE PROCESSING PERIOD 9.
----------------------------------
PROCESSING PERIOD 10

External shocks: Processing...
External shocks: OK!
Entry decisions: Processing...
Entry decisions: OK!
Shutdown decisions: Processing...
Shutdown decisions: OK! 1 loops
Updating 34 active firms: Processing...
Updating 34 active firms: OK!
Updating 0 inactive firms: Processing...
Updating 0 inactive firms: OK!
Exit decisions: Processing...
Exit decisions: OK!
Firms exiting: Processing...
Firms exiting: OK!
DONE PROCESSING PERIOD 10.
----------------------------------
PROCESSING PERIOD 11

External shocks: Processing...
External shocks: OK!
Entry decisions: Processing...
Entry decisions: OK!
Shutdown decisions: Processing...
Shutdown decisions: OK! 1 loops
Updating 32 active firms: Processing...
Updating 32 active firms: OK!
Updating 0 inactive firms: Processing...
Updating 0 inactive firms: OK!
Exit decisions: Processing...
Exit decisions: OK!
Firms exiting: Processing...
Firms exiting: OK!
DONE PROCESSING PERIOD 11.
----------------------------------
PROCESSING PERIOD 12

External shocks: Processing...
External shocks: OK!
Entry decisions: Processing...
Entry decisions: OK!
Shutdown decisions: Processing...
Shutdown decisions: OK! 1 loops
Updating 31 active firms: Processing...
Updating 31 active firms: OK!
Updating 0 inactive firms: Processing...
Updating 0 inactive firms: OK!
Exit decisions: Processing...
Exit decisions: OK!
Firms exiting: Processing...
Firms exiting: OK!
DONE PROCESSING PERIOD 12.
----------------------------------
PROCESSING PERIOD 13

External shocks: Processing...
External shocks: OK!
Entry decisions: Processing...
Entry decisions: OK!
Shutdown decisions: Processing...
Shutdown decisions: OK! 1 loops
Updating 33 active firms: Processing...
Updating 33 active firms: OK!
Updating 0 inactive firms: Processing...
Updating 0 inactive firms: OK!
Exit decisions: Processing...
Exit decisions: OK!
Firms exiting: Processing...
Firms exiting: OK!
DONE PROCESSING PERIOD 13.
----------------------------------
PROCESSING PERIOD 14

External shocks: Processing...
External shocks: OK!
Entry decisions: Processing...
Entry decisions: OK!
Shutdown decisions: Processing...
Shutdown decisions: OK! 1 loops
Updating 35 active firms: Processing...
Updating 35 active firms: OK!
Updating 0 inactive firms: Processing...
Updating 0 inactive firms: OK!
Exit decisions: Processing...
Exit decisions: OK!
Firms exiting: Processing...
Firms exiting: OK!
DONE PROCESSING PERIOD 14.
----------------------------------
PROCESSING PERIOD 15

External shocks: Processing...
External shocks: OK!
Entry decisions: Processing...
Entry decisions: OK!
Shutdown decisions: Processing...
Shutdown decisions: OK! 1 loops
Updating 31 active firms: Processing...
Updating 31 active firms: OK!
Updating 0 inactive firms: Processing...
Updating 0 inactive firms: OK!
Exit decisions: Processing...
Exit decisions: OK!
Firms exiting: Processing...
Firms exiting: OK!
DONE PROCESSING PERIOD 15.
----------------------------------
PROCESSING PERIOD 16

External shocks: Processing...
External shocks: OK!
Entry decisions: Processing...
Entry decisions: OK!
Shutdown decisions: Processing...
Shutdown decisions: OK! 1 loops
Updating 35 active firms: Processing...
Updating 35 active firms: OK!
Updating 0 inactive firms: Processing...
Updating 0 inactive firms: OK!
Exit decisions: Processing...
Exit decisions: OK!
Firms exiting: Processing...
Firms exiting: OK!
DONE PROCESSING PERIOD 16.
----------------------------------
PROCESSING PERIOD 17

External shocks: Processing...
External shocks: OK!
Entry decisions: Processing...
Entry decisions: OK!
Shutdown decisions: Processing...
Shutdown decisions: OK! 1 loops
Updating 29 active firms: Processing...
Updating 29 active firms: OK!
Updating 0 inactive firms: Processing...
Updating 0 inactive firms: OK!
Exit decisions: Processing...
Exit decisions: OK!
Firms exiting: Processing...
Firms exiting: OK!
DONE PROCESSING PERIOD 17.
----------------------------------
PROCESSING PERIOD 18

External shocks: Processing...
External shocks: OK!
Entry decisions: Processing...
Entry decisions: OK!
Shutdown decisions: Processing...
Shutdown decisions: OK! 1 loops
Updating 31 active firms: Processing...
Updating 31 active firms: OK!
Updating 0 inactive firms: Processing...
Updating 0 inactive firms: OK!
Exit decisions: Processing...
Exit decisions: OK!
Firms exiting: Processing...
Firms exiting: OK!
DONE PROCESSING PERIOD 18.
----------------------------------
PROCESSING PERIOD 19

External shocks: Processing...
External shocks: OK!
Entry decisions: Processing...
Entry decisions: OK!
Shutdown decisions: Processing...
Shutdown decisions: OK! 1 loops
Updating 28 active firms: Processing...
Updating 28 active firms: OK!
Updating 0 inactive firms: Processing...
Updating 0 inactive firms: OK!
Exit decisions: Processing...
Exit decisions: OK!
Firms exiting: Processing...
Firms exiting: OK!
DONE PROCESSING PERIOD 19.
----------------------------------
PROCESSING PERIOD 20

External shocks: Processing...
External shocks: OK!
Entry decisions: Processing...
Entry decisions: OK!
Shutdown decisions: Processing...
Shutdown decisions: OK! 1 loops
Updating 30 active firms: Processing...
Updating 30 active firms: OK!
Updating 0 inactive firms: Processing...
Updating 0 inactive firms: OK!
Exit decisions: Processing...
Exit decisions: OK!
Firms exiting: Processing...
Firms exiting: OK!
DONE PROCESSING PERIOD 20.
----------------------------------
PROCESSING PERIOD 21

External shocks: Processing...
External shocks: OK!
Entry decisions: Processing...
Entry decisions: OK!
Shutdown decisions: Processing...
Shutdown decisions: OK! 1 loops
Updating 30 active firms: Processing...
Updating 30 active firms: OK!
Updating 0 inactive firms: Processing...
Updating 0 inactive firms: OK!
Exit decisions: Processing...
Exit decisions: OK!
Firms exiting: Processing...
Firms exiting: OK!
DONE PROCESSING PERIOD 21.
----------------------------------
PROCESSING PERIOD 22

External shocks: Processing...
External shocks: OK!
Entry decisions: Processing...
Entry decisions: OK!
Shutdown decisions: Processing...
Shutdown decisions: OK! 1 loops
Updating 33 active firms: Processing...
Updating 33 active firms: OK!
Updating 0 inactive firms: Processing...
Updating 0 inactive firms: OK!
Exit decisions: Processing...
Exit decisions: OK!
Firms exiting: Processing...
Firms exiting: OK!
DONE PROCESSING PERIOD 22.
----------------------------------
PROCESSING PERIOD 23

External shocks: Processing...
External shocks: OK!
Entry decisions: Processing...
Entry decisions: OK!
Shutdown decisions: Processing...
Shutdown decisions: OK! 1 loops
Updating 34 active firms: Processing...
Updating 34 active firms: OK!
Updating 0 inactive firms: Processing...
Updating 0 inactive firms: OK!
Exit decisions: Processing...
Exit decisions: OK!
Firms exiting: Processing...
Firms exiting: OK!
DONE PROCESSING PERIOD 23.
----------------------------------
PROCESSING PERIOD 24

External shocks: Processing...
External shocks: OK!
Entry decisions: Processing...
Entry decisions: OK!
Shutdown decisions: Processing...
Shutdown decisions: OK! 1 loops
Updating 33 active firms: Processing...
Updating 33 active firms: OK!
Updating 0 inactive firms: Processing...
Updating 0 inactive firms: OK!
Exit decisions: Processing...
Exit decisions: OK!
Firms exiting: Processing...
Firms exiting: OK!
DONE PROCESSING PERIOD 24.
----------------------------------
PROCESSING PERIOD 25

External shocks: Processing...
External shocks: OK!
Entry decisions: Processing...
Entry decisions: OK!
Shutdown decisions: Processing...
Shutdown decisions: OK! 1 loops
Updating 33 active firms: Processing...
Updating 33 active firms: OK!
Updating 0 inactive firms: Processing...
Updating 0 inactive firms: OK!
Exit decisions: Processing...
Exit decisions: OK!
Firms exiting: Processing...
Firms exiting: OK!
DONE PROCESSING PERIOD 25.
----------------------------------
PROCESSING PERIOD 26

External shocks: Processing...
External shocks: OK!
Entry decisions: Processing...
Entry decisions: OK!
Shutdown decisions: Processing...
Shutdown decisions: OK! 1 loops
Updating 32 active firms: Processing...
Updating 32 active firms: OK!
Updating 0 inactive firms: Processing...
Updating 0 inactive firms: OK!
Exit decisions: Processing...
Exit decisions: OK!
Firms exiting: Processing...
Firms exiting: OK!
DONE PROCESSING PERIOD 26.
----------------------------------
PROCESSING PERIOD 27

External shocks: Processing...
External shocks: OK!
Entry decisions: Processing...
Entry decisions: OK!
Shutdown decisions: Processing...
Shutdown decisions: OK! 1 loops
Updating 32 active firms: Processing...
Updating 32 active firms: OK!
Updating 0 inactive firms: Processing...
Updating 0 inactive firms: OK!
Exit decisions: Processing...
Exit decisions: OK!
Firms exiting: Processing...
Firms exiting: OK!
DONE PROCESSING PERIOD 27.
----------------------------------
PROCESSING PERIOD 28

External shocks: Processing...
External shocks: OK!
Entry decisions: Processing...
Entry decisions: OK!
Shutdown decisions: Processing...
Shutdown decisions: OK! 1 loops
Updating 32 active firms: Processing...
Updating 32 active firms: OK!
Updating 0 inactive firms: Processing...
Updating 0 inactive firms: OK!
Exit decisions: Processing...
Exit decisions: OK!
Firms exiting: Processing...
Firms exiting: OK!
DONE PROCESSING PERIOD 28.
----------------------------------
PROCESSING PERIOD 29

External shocks: Processing...
External shocks: OK!
Entry decisions: Processing...
Entry decisions: OK!
Shutdown decisions: Processing...
Shutdown decisions: OK! 1 loops
Updating 32 active firms: Processing...
Updating 32 active firms: OK!
Updating 0 inactive firms: Processing...
Updating 0 inactive firms: OK!
Exit decisions: Processing...
Exit decisions: OK!
Firms exiting: Processing...
Firms exiting: OK!
DONE PROCESSING PERIOD 29.
----------------------------------
PROCESSING PERIOD 30

External shocks: Processing...
External shocks: OK!
Entry decisions: Processing...
Entry decisions: OK!
Shutdown decisions: Processing...
Shutdown decisions: OK! 1 loops
Updating 34 active firms: Processing...
Updating 34 active firms: OK!
Updating 0 inactive firms: Processing...
Updating 0 inactive firms: OK!
Exit decisions: Processing...
Exit decisions: OK!
Firms exiting: Processing...
Firms exiting: OK!
DONE PROCESSING PERIOD 30.
----------------------------------
PROCESSING PERIOD 31

External shocks: Processing...
External shocks: OK!
Entry decisions: Processing...
Entry decisions: OK!
Shutdown decisions: Processing...
Shutdown decisions: OK! 1 loops
Updating 34 active firms: Processing...
Updating 34 active firms: OK!
Updating 0 inactive firms: Processing...
Updating 0 inactive firms: OK!
Exit decisions: Processing...
Exit decisions: OK!
Firms exiting: Processing...
Firms exiting: OK!
DONE PROCESSING PERIOD 31.
----------------------------------
PROCESSING PERIOD 32

External shocks: Processing...
External shocks: OK!
Entry decisions: Processing...
Entry decisions: OK!
Shutdown decisions: Processing...
Shutdown decisions: OK! 1 loops
Updating 32 active firms: Processing...
Updating 32 active firms: OK!
Updating 0 inactive firms: Processing...
Updating 0 inactive firms: OK!
Exit decisions: Processing...
Exit decisions: OK!
Firms exiting: Processing...
Firms exiting: OK!
DONE PROCESSING PERIOD 32.
----------------------------------
PROCESSING PERIOD 33

External shocks: Processing...
External shocks: OK!
Entry decisions: Processing...
Entry decisions: OK!
Shutdown decisions: Processing...
Shutdown decisions: OK! 1 loops
Updating 32 active firms: Processing...
Updating 32 active firms: OK!
Updating 0 inactive firms: Processing...
Updating 0 inactive firms: OK!
Exit decisions: Processing...
Exit decisions: OK!
Firms exiting: Processing...
Firms exiting: OK!
DONE PROCESSING PERIOD 33.
----------------------------------
PROCESSING PERIOD 34

External shocks: Processing...
External shocks: OK!
Entry decisions: Processing...
Entry decisions: OK!
Shutdown decisions: Processing...
Shutdown decisions: OK! 1 loops
Updating 32 active firms: Processing...
Updating 32 active firms: OK!
Updating 0 inactive firms: Processing...
Updating 0 inactive firms: OK!
Exit decisions: Processing...
Exit decisions: OK!
Firms exiting: Processing...
Firms exiting: OK!
DONE PROCESSING PERIOD 34.
----------------------------------
PROCESSING PERIOD 35

External shocks: Processing...
External shocks: OK!
Entry decisions: Processing...
Entry decisions: OK!
Shutdown decisions: Processing...
Shutdown decisions: OK! 1 loops
Updating 31 active firms: Processing...
Updating 31 active firms: OK!
Updating 0 inactive firms: Processing...
Updating 0 inactive firms: OK!
Exit decisions: Processing...
Exit decisions: OK!
Firms exiting: Processing...
Firms exiting: OK!
DONE PROCESSING PERIOD 35.
----------------------------------
PROCESSING PERIOD 36

External shocks: Processing...
External shocks: OK!
Entry decisions: Processing...
Entry decisions: OK!
Shutdown decisions: Processing...
Shutdown decisions: OK! 1 loops
Updating 33 active firms: Processing...
Updating 33 active firms: OK!
Updating 0 inactive firms: Processing...
Updating 0 inactive firms: OK!
Exit decisions: Processing...
Exit decisions: OK!
Firms exiting: Processing...
Firms exiting: OK!
DONE PROCESSING PERIOD 36.
----------------------------------
PROCESSING PERIOD 37

External shocks: Processing...
External shocks: OK!
Entry decisions: Processing...
Entry decisions: OK!
Shutdown decisions: Processing...
Shutdown decisions: OK! 1 loops
Updating 33 active firms: Processing...
Updating 33 active firms: OK!
Updating 0 inactive firms: Processing...
Updating 0 inactive firms: OK!
Exit decisions: Processing...
Exit decisions: OK!
Firms exiting: Processing...
Firms exiting: OK!
DONE PROCESSING PERIOD 37.
----------------------------------
PROCESSING PERIOD 38

External shocks: Processing...
External shocks: OK!
Entry decisions: Processing...
Entry decisions: OK!
Shutdown decisions: Processing...
Shutdown decisions: OK! 1 loops
Updating 36 active firms: Processing...
Updating 36 active firms: OK!
Updating 0 inactive firms: Processing...
Updating 0 inactive firms: OK!
Exit decisions: Processing...
Exit decisions: OK!
Firms exiting: Processing...
Firms exiting: OK!
DONE PROCESSING PERIOD 38.
----------------------------------
PROCESSING PERIOD 39

External shocks: Processing...
External shocks: OK!
Entry decisions: Processing...
Entry decisions: OK!
Shutdown decisions: Processing...
Shutdown decisions: OK! 1 loops
Updating 34 active firms: Processing...
Updating 34 active firms: OK!
Updating 0 inactive firms: Processing...
Updating 0 inactive firms: OK!
Exit decisions: Processing...
Exit decisions: OK!
Firms exiting: Processing...
Firms exiting: OK!
DONE PROCESSING PERIOD 39.
----------------------------------
PROCESSING PERIOD 40

External shocks: Processing...
External shocks: OK!
Entry decisions: Processing...
Entry decisions: OK!
Shutdown decisions: Processing...
Shutdown decisions: OK! 1 loops
Updating 34 active firms: Processing...
Updating 34 active firms: OK!
Updating 0 inactive firms: Processing...
Updating 0 inactive firms: OK!
Exit decisions: Processing...
Exit decisions: OK!
Firms exiting: Processing...
Firms exiting: OK!
DONE PROCESSING PERIOD 40.
----------------------------------
PROCESSING PERIOD 41

External shocks: Processing...
External shocks: OK!
Entry decisions: Processing...
Entry decisions: OK!
Shutdown decisions: Processing...
Shutdown decisions: OK! 1 loops
Updating 34 active firms: Processing...
Updating 34 active firms: OK!
Updating 0 inactive firms: Processing...
Updating 0 inactive firms: OK!
Exit decisions: Processing...
Exit decisions: OK!
Firms exiting: Processing...
Firms exiting: OK!
DONE PROCESSING PERIOD 41.
----------------------------------
PROCESSING PERIOD 42

External shocks: Processing...
External shocks: OK!
Entry decisions: Processing...
Entry decisions: OK!
Shutdown decisions: Processing...
Shutdown decisions: OK! 1 loops
Updating 33 active firms: Processing...
Updating 33 active firms: OK!
Updating 0 inactive firms: Processing...
Updating 0 inactive firms: OK!
Exit decisions: Processing...
Exit decisions: OK!
Firms exiting: Processing...
Firms exiting: OK!
DONE PROCESSING PERIOD 42.
----------------------------------
PROCESSING PERIOD 43

External shocks: Processing...
External shocks: OK!
Entry decisions: Processing...
Entry decisions: OK!
Shutdown decisions: Processing...
Shutdown decisions: OK! 1 loops
Updating 33 active firms: Processing...
Updating 33 active firms: OK!
Updating 0 inactive firms: Processing...
Updating 0 inactive firms: OK!
Exit decisions: Processing...
Exit decisions: OK!
Firms exiting: Processing...
Firms exiting: OK!
DONE PROCESSING PERIOD 43.
----------------------------------
PROCESSING PERIOD 44

External shocks: Processing...
External shocks: OK!
Entry decisions: Processing...
Entry decisions: OK!
Shutdown decisions: Processing...
Shutdown decisions: OK! 1 loops
Updating 37 active firms: Processing...
Updating 37 active firms: OK!
Updating 0 inactive firms: Processing...
Updating 0 inactive firms: OK!
Exit decisions: Processing...
Exit decisions: OK!
Firms exiting: Processing...
Firms exiting: OK!
DONE PROCESSING PERIOD 44.
----------------------------------
PROCESSING PERIOD 45

External shocks: Processing...
External shocks: OK!
Entry decisions: Processing...
Entry decisions: OK!
Shutdown decisions: Processing...
Shutdown decisions: OK! 1 loops
Updating 34 active firms: Processing...
Updating 34 active firms: OK!
Updating 0 inactive firms: Processing...
Updating 0 inactive firms: OK!
Exit decisions: Processing...
Exit decisions: OK!
Firms exiting: Processing...
Firms exiting: OK!
DONE PROCESSING PERIOD 45.
----------------------------------
PROCESSING PERIOD 46

External shocks: Processing...
External shocks: OK!
Entry decisions: Processing...
Entry decisions: OK!
Shutdown decisions: Processing...
Shutdown decisions: OK! 1 loops
Updating 36 active firms: Processing...
Updating 36 active firms: OK!
Updating 0 inactive firms: Processing...
Updating 0 inactive firms: OK!
Exit decisions: Processing...
Exit decisions: OK!
Firms exiting: Processing...
Firms exiting: OK!
DONE PROCESSING PERIOD 46.
----------------------------------
PROCESSING PERIOD 47

External shocks: Processing...
External shocks: OK!
Entry decisions: Processing...
Entry decisions: OK!
Shutdown decisions: Processing...
Shutdown decisions: OK! 1 loops
Updating 34 active firms: Processing...
Updating 34 active firms: OK!
Updating 0 inactive firms: Processing...
Updating 0 inactive firms: OK!
Exit decisions: Processing...
Exit decisions: OK!
Firms exiting: Processing...
Firms exiting: OK!
DONE PROCESSING PERIOD 47.
----------------------------------
PROCESSING PERIOD 48

External shocks: Processing...
External shocks: OK!
Entry decisions: Processing...
Entry decisions: OK!
Shutdown decisions: Processing...
Shutdown decisions: OK! 1 loops
Updating 35 active firms: Processing...
Updating 35 active firms: OK!
Updating 0 inactive firms: Processing...
Updating 0 inactive firms: OK!
Exit decisions: Processing...
Exit decisions: OK!
Firms exiting: Processing...
Firms exiting: OK!
DONE PROCESSING PERIOD 48.
----------------------------------
PROCESSING PERIOD 49

External shocks: Processing...
External shocks: OK!
Entry decisions: Processing...
Entry decisions: OK!
Shutdown decisions: Processing...
Shutdown decisions: OK! 1 loops
Updating 35 active firms: Processing...
Updating 35 active firms: OK!
Updating 0 inactive firms: Processing...
Updating 0 inactive firms: OK!
Exit decisions: Processing...
Exit decisions: OK!
Firms exiting: Processing...
Firms exiting: OK!
DONE PROCESSING PERIOD 49.
----------------------------------
PROCESSING PERIOD 50

External shocks: Processing...
External shocks: OK!
Entry decisions: Processing...
Entry decisions: OK!
Shutdown decisions: Processing...
Shutdown decisions: OK! 1 loops
Updating 36 active firms: Processing...
Updating 36 active firms: OK!
Updating 0 inactive firms: Processing...
Updating 0 inactive firms: OK!
Exit decisions: Processing...
Exit decisions: OK!
Firms exiting: Processing...
Firms exiting: OK!
DONE PROCESSING PERIOD 50.
Simulation completed in 0.22 seconds
Saving log...