sys.version_info(major=3, minor=6, micro=0, releaselevel='final', serial=0)
----- PARAMETERS -----
DETERMINISTIC: 1
DemandIntercept: 300
EnableProfiling: False
FixedCostOfImitation: 50
FixedCostOfInnovation: 100
FixedProductionCost: 200
InitialAttractionForImitation: 10
InitialAttractionForInnovation: 10
InitialAttractionForNoResearch: 10
InitialAttractionForResearch: 10
LogLevel: {'Console': ['INFO'], 'File': ['INFO']}
MaxMagnituteOfChangeInTechEnv: 16
MeanMarketSize: 4
MinMarketSize: 0.1
NumberOfParallelProcesses: 72
NumberOfPotentialEntrants: 40
NumberOfSimulations: 1
NumberOfTasks: 96
PeriodOfHalfTurn: 500
PeriodStartOfTechChange: 0
PeriodsOfConstantDemand: 2000
RateOfChangeInTechEnv: 0.2
RateOfMeanMarketSizeGrowth: 0
RateOfPersistenceInDemand: 0.97
STOCHASTIC: 0
StartupWealth: 0
ThresholdNetWealthForSurvival: 0
TimeHorizon: 5000
TypeOfCycle: None
WaveAmplitude: 2

Executing 1 simulations

[SIM 1] STARTING SIMULATION
[SIM 1][PERIOD 1] --------------------- PROCESSING PERIOD ---------------------
[SIM 1][PERIOD 2] --------------------- PROCESSING PERIOD ---------------------
[SIM 1][PERIOD 3] --------------------- PROCESSING PERIOD ---------------------
[SIM 1][PERIOD 4] --------------------- PROCESSING PERIOD ---------------------
[SIM 1][PERIOD 5] --------------------- PROCESSING PERIOD ---------------------
[SIM 1][PERIOD 6] --------------------- PROCESSING PERIOD ---------------------
[SIM 1][PERIOD 7] --------------------- PROCESSING PERIOD ---------------------
[SIM 1][PERIOD 8] --------------------- PROCESSING PERIOD ---------------------
[SIM 1][PERIOD 9] --------------------- PROCESSING PERIOD ---------------------
[SIM 1][PERIOD 10] --------------------- PROCESSING PERIOD ---------------------
[SIM 1][PERIOD 11] --------------------- PROCESSING PERIOD ---------------------
[SIM 1][PERIOD 12] --------------------- PROCESSING PERIOD ---------------------
[SIM 1][PERIOD 13] --------------------- PROCESSING PERIOD ---------------------
[SIM 1][PERIOD 14] --------------------- PROCESSING PERIOD ---------------------
[SIM 1][PERIOD 15] --------------------- PROCESSING PERIOD ---------------------
[SIM 1][PERIOD 16] --------------------- PROCESSING PERIOD ---------------------
[SIM 1][PERIOD 17] --------------------- PROCESSING PERIOD ---------------------
[SIM 1][PERIOD 18] --------------------- PROCESSING PERIOD ---------------------
[SIM 1][PERIOD 19] --------------------- PROCESSING PERIOD ---------------------
[SIM 1][PERIOD 20] --------------------- PROCESSING PERIOD ---------------------
[SIM 1][PERIOD 21] --------------------- PROCESSING PERIOD ---------------------
[SIM 1][PERIOD 22] --------------------- PROCESSING PERIOD ---------------------
[SIM 1][PERIOD 23] --------------------- PROCESSING PERIOD ---------------------
[SIM 1][PERIOD 24] --------------------- PROCESSING PERIOD ---------------------
[SIM 1][PERIOD 25] --------------------- PROCESSING PERIOD ---------------------
[SIM 1][PERIOD 26] --------------------- PROCESSING PERIOD ---------------------
[SIM 1][PERIOD 27] --------------------- PROCESSING PERIOD ---------------------
[SIM 1][PERIOD 28] --------------------- PROCESSING PERIOD ---------------------
[SIM 1][PERIOD 29] --------------------- PROCESSING PERIOD ---------------------
[SIM 1][PERIOD 30] --------------------- PROCESSING PERIOD ---------------------
[SIM 1][PERIOD 31] --------------------- PROCESSING PERIOD ---------------------
[SIM 1][PERIOD 32] --------------------- PROCESSING PERIOD ---------------------
[SIM 1][PERIOD 33] --------------------- PROCESSING PERIOD ---------------------
[SIM 1][PERIOD 34] --------------------- PROCESSING PERIOD ---------------------
[SIM 1][PERIOD 35] --------------------- PROCESSING PERIOD ---------------------
[SIM 1][PERIOD 36] --------------------- PROCESSING PERIOD ---------------------
[SIM 1][PERIOD 37] --------------------- PROCESSING PERIOD ---------------------
[SIM 1][PERIOD 38] --------------------- PROCESSING PERIOD ---------------------
[SIM 1][PERIOD 39] --------------------- PROCESSING PERIOD ---------------------
[SIM 1][PERIOD 40] --------------------- PROCESSING PERIOD ---------------------
[SIM 1][PERIOD 41] --------------------- PROCESSING PERIOD ---------------------
[SIM 1][PERIOD 42] --------------------- PROCESSING PERIOD ---------------------
[SIM 1][PERIOD 43] --------------------- PROCESSING PERIOD ---------------------
[SIM 1][PERIOD 44] --------------------- PROCESSING PERIOD ---------------------
[SIM 1][PERIOD 45] --------------------- PROCESSING PERIOD ---------------------
[SIM 1][PERIOD 46] --------------------- PROCESSING PERIOD ---------------------
[SIM 1][PERIOD 47] --------------------- PROCESSING PERIOD ---------------------
[SIM 1][PERIOD 48] --------------------- PROCESSING PERIOD ---------------------
[SIM 1][PERIOD 49] --------------------- PROCESSING PERIOD ---------------------
[SIM 1][PERIOD 50] --------------------- PROCESSING PERIOD ---------------------
[SIM 1][PERIOD 51] --------------------- PROCESSING PERIOD ---------------------
[SIM 1][PERIOD 52] --------------------- PROCESSING PERIOD ---------------------
[SIM 1][PERIOD 53] --------------------- PROCESSING PERIOD ---------------------
[SIM 1][PERIOD 54] --------------------- PROCESSING PERIOD ---------------------
[SIM 1][PERIOD 55] --------------------- PROCESSING PERIOD ---------------------
[SIM 1][PERIOD 56] --------------------- PROCESSING PERIOD ---------------------
[SIM 1][PERIOD 57] --------------------- PROCESSING PERIOD ---------------------
[SIM 1][PERIOD 58] --------------------- PROCESSING PERIOD ---------------------
[SIM 1][PERIOD 59] --------------------- PROCESSING PERIOD ---------------------
[SIM 1][PERIOD 60] --------------------- PROCESSING PERIOD ---------------------
[SIM 1][PERIOD 61] --------------------- PROCESSING PERIOD ---------------------
[SIM 1][PERIOD 62] --------------------- PROCESSING PERIOD ---------------------
[SIM 1][PERIOD 63] --------------------- PROCESSING PERIOD ---------------------
[SIM 1][PERIOD 64] --------------------- PROCESSING PERIOD ---------------------
[SIM 1][PERIOD 65] --------------------- PROCESSING PERIOD ---------------------
[SIM 1][PERIOD 66] --------------------- PROCESSING PERIOD ---------------------
[SIM 1][PERIOD 67] --------------------- PROCESSING PERIOD ---------------------
[SIM 1][PERIOD 68] --------------------- PROCESSING PERIOD ---------------------
[SIM 1][PERIOD 69] --------------------- PROCESSING PERIOD ---------------------
[SIM 1][PERIOD 70] --------------------- PROCESSING PERIOD ---------------------
[SIM 1][PERIOD 71] --------------------- PROCESSING PERIOD ---------------------
[SIM 1][PERIOD 72] --------------------- PROCESSING PERIOD ---------------------
[SIM 1][PERIOD 73] --------------------- PROCESSING PERIOD ---------------------
[SIM 1][PERIOD 74] --------------------- PROCESSING PERIOD ---------------------
[SIM 1][PERIOD 75] --------------------- PROCESSING PERIOD ---------------------
[SIM 1][PERIOD 76] --------------------- PROCESSING PERIOD ---------------------
[SIM 1][PERIOD 77] --------------------- PROCESSING PERIOD ---------------------
[SIM 1][PERIOD 78] --------------------- PROCESSING PERIOD ---------------------
[SIM 1][PERIOD 79] --------------------- PROCESSING PERIOD ---------------------
[SIM 1][PERIOD 80] --------------------- PROCESSING PERIOD ---------------------
[SIM 1][PERIOD 81] --------------------- PROCESSING PERIOD ---------------------
[SIM 1][PERIOD 82] --------------------- PROCESSING PERIOD ---------------------
[SIM 1][PERIOD 83] --------------------- PROCESSING PERIOD ---------------------
[SIM 1][PERIOD 84] --------------------- PROCESSING PERIOD ---------------------
[SIM 1][PERIOD 85] --------------------- PROCESSING PERIOD ---------------------
[SIM 1][PERIOD 86] --------------------- PROCESSING PERIOD ---------------------
[SIM 1][PERIOD 87] --------------------- PROCESSING PERIOD ---------------------
[SIM 1][PERIOD 88] --------------------- PROCESSING PERIOD ---------------------
[SIM 1][PERIOD 89] --------------------- PROCESSING PERIOD ---------------------
[SIM 1][PERIOD 90] --------------------- PROCESSING PERIOD ---------------------
[SIM 1][PERIOD 91] --------------------- PROCESSING PERIOD ---------------------
[SIM 1][PERIOD 92] --------------------- PROCESSING PERIOD ---------------------
[SIM 1][PERIOD 93] --------------------- PROCESSING PERIOD ---------------------
[SIM 1][PERIOD 94] --------------------- PROCESSING PERIOD ---------------------
[SIM 1][PERIOD 95] --------------------- PROCESSING PERIOD ---------------------
[SIM 1][PERIOD 96] --------------------- PROCESSING PERIOD ---------------------
[SIM 1][PERIOD 97] --------------------- PROCESSING PERIOD ---------------------
[SIM 1][PERIOD 98] --------------------- PROCESSING PERIOD ---------------------
[SIM 1][PERIOD 99] --------------------- PROCESSING PERIOD ---------------------
[SIM 1][PERIOD 100] --------------------- PROCESSING PERIOD ---------------------
[SIM 1][PERIOD 101] --------------------- PROCESSING PERIOD ---------------------
[SIM 1][PERIOD 102] --------------------- PROCESSING PERIOD ---------------------
[SIM 1][PERIOD 103] --------------------- PROCESSING PERIOD ---------------------
[SIM 1][PERIOD 104] --------------------- PROCESSING PERIOD ---------------------
[SIM 1][PERIOD 105] --------------------- PROCESSING PERIOD ---------------------
[SIM 1][PERIOD 106] --------------------- PROCESSING PERIOD ---------------------
[SIM 1][PERIOD 107] --------------------- PROCESSING PERIOD ---------------------
[SIM 1][PERIOD 108] --------------------- PROCESSING PERIOD ---------------------
[SIM 1][PERIOD 109] --------------------- PROCESSING PERIOD ---------------------
[SIM 1][PERIOD 110] --------------------- PROCESSING PERIOD ---------------------
[SIM 1][PERIOD 111] --------------------- PROCESSING PERIOD ---------------------
[SIM 1][PERIOD 112] --------------------- PROCESSING PERIOD ---------------------
[SIM 1][PERIOD 113] --------------------- PROCESSING PERIOD ---------------------
[SIM 1][PERIOD 114] --------------------- PROCESSING PERIOD ---------------------
[SIM 1][PERIOD 115] --------------------- PROCESSING PERIOD ---------------------
[SIM 1][PERIOD 116] --------------------- PROCESSING PERIOD ---------------------
[SIM 1][PERIOD 117] --------------------- PROCESSING PERIOD ---------------------
[SIM 1][PERIOD 118] --------------------- PROCESSING PERIOD ---------------------
[SIM 1][PERIOD 119] --------------------- PROCESSING PERIOD ---------------------
[SIM 1][PERIOD 120] --------------------- PROCESSING PERIOD ---------------------
[SIM 1][PERIOD 121] --------------------- PROCESSING PERIOD ---------------------
[SIM 1][PERIOD 122] --------------------- PROCESSING PERIOD ---------------------
[SIM 1][PERIOD 123] --------------------- PROCESSING PERIOD ---------------------
[SIM 1][PERIOD 124] --------------------- PROCESSING PERIOD ---------------------
[SIM 1][PERIOD 125] --------------------- PROCESSING PERIOD ---------------------
[SIM 1][PERIOD 126] --------------------- PROCESSING PERIOD ---------------------
[SIM 1][PERIOD 127] --------------------- PROCESSING PERIOD ---------------------
[SIM 1][PERIOD 128] --------------------- PROCESSING PERIOD ---------------------
[SIM 1][PERIOD 129] --------------------- PROCESSING PERIOD ---------------------
[SIM 1][PERIOD 130] --------------------- PROCESSING PERIOD ---------------------
[SIM 1][PERIOD 131] --------------------- PROCESSING PERIOD ---------------------
[SIM 1][PERIOD 132] --------------------- PROCESSING PERIOD ---------------------
[SIM 1][PERIOD 133] --------------------- PROCESSING PERIOD ---------------------
[SIM 1][PERIOD 134] --------------------- PROCESSING PERIOD ---------------------
[SIM 1][PERIOD 135] --------------------- PROCESSING PERIOD ---------------------
[SIM 1][PERIOD 136] --------------------- PROCESSING PERIOD ---------------------
[SIM 1][PERIOD 137] --------------------- PROCESSING PERIOD ---------------------
[SIM 1][PERIOD 138] --------------------- PROCESSING PERIOD ---------------------
[SIM 1][PERIOD 139] --------------------- PROCESSING PERIOD ---------------------
[SIM 1][PERIOD 140] --------------------- PROCESSING PERIOD ---------------------
[SIM 1][PERIOD 141] --------------------- PROCESSING PERIOD ---------------------
[SIM 1][PERIOD 142] --------------------- PROCESSING PERIOD ---------------------
[SIM 1][PERIOD 143] --------------------- PROCESSING PERIOD ---------------------
[SIM 1][PERIOD 144] --------------------- PROCESSING PERIOD ---------------------
[SIM 1][PERIOD 145] --------------------- PROCESSING PERIOD ---------------------
[SIM 1][PERIOD 146] --------------------- PROCESSING PERIOD ---------------------
[SIM 1][PERIOD 147] --------------------- PROCESSING PERIOD ---------------------
[SIM 1][PERIOD 148] --------------------- PROCESSING PERIOD ---------------------
[SIM 1][PERIOD 149] --------------------- PROCESSING PERIOD ---------------------
[SIM 1][PERIOD 150] --------------------- PROCESSING PERIOD ---------------------
[SIM 1][PERIOD 151] --------------------- PROCESSING PERIOD ---------------------
[SIM 1][PERIOD 152] --------------------- PROCESSING PERIOD ---------------------
[SIM 1][PERIOD 153] --------------------- PROCESSING PERIOD ---------------------
[SIM 1][PERIOD 154] --------------------- PROCESSING PERIOD ---------------------
[SIM 1][PERIOD 155] --------------------- PROCESSING PERIOD ---------------------
[SIM 1][PERIOD 156] --------------------- PROCESSING PERIOD ---------------------
[SIM 1][PERIOD 157] --------------------- PROCESSING PERIOD ---------------------
[SIM 1][PERIOD 158] --------------------- PROCESSING PERIOD ---------------------
[SIM 1][PERIOD 159] --------------------- PROCESSING PERIOD ---------------------
[SIM 1][PERIOD 160] --------------------- PROCESSING PERIOD ---------------------
[SIM 1][PERIOD 161] --------------------- PROCESSING PERIOD ---------------------
[SIM 1][PERIOD 162] --------------------- PROCESSING PERIOD ---------------------
[SIM 1][PERIOD 163] --------------------- PROCESSING PERIOD ---------------------
[SIM 1][PERIOD 164] --------------------- PROCESSING PERIOD ---------------------
[SIM 1][PERIOD 165] --------------------- PROCESSING PERIOD ---------------------
[SIM 1][PERIOD 166] --------------------- PROCESSING PERIOD ---------------------
[SIM 1][PERIOD 167] --------------------- PROCESSING PERIOD ---------------------
[SIM 1][PERIOD 168] --------------------- PROCESSING PERIOD ---------------------
[SIM 1][PERIOD 169] --------------------- PROCESSING PERIOD ---------------------
[SIM 1][PERIOD 170] --------------------- PROCESSING PERIOD ---------------------
[SIM 1][PERIOD 171] --------------------- PROCESSING PERIOD ---------------------
[SIM 1][PERIOD 172] --------------------- PROCESSING PERIOD ---------------------
[SIM 1][PERIOD 173] --------------------- PROCESSING PERIOD ---------------------
[SIM 1][PERIOD 174] --------------------- PROCESSING PERIOD ---------------------
[SIM 1][PERIOD 175] --------------------- PROCESSING PERIOD ---------------------
[SIM 1][PERIOD 176] --------------------- PROCESSING PERIOD ---------------------
[SIM 1][PERIOD 177] --------------------- PROCESSING PERIOD ---------------------
[SIM 1][PERIOD 178] --------------------- PROCESSING PERIOD ---------------------
[SIM 1][PERIOD 179] --------------------- PROCESSING PERIOD ---------------------
[SIM 1][PERIOD 180] --------------------- PROCESSING PERIOD ---------------------
[SIM 1][PERIOD 181] --------------------- PROCESSING PERIOD ---------------------
[SIM 1][PERIOD 182] --------------------- PROCESSING PERIOD ---------------------
[SIM 1][PERIOD 183] --------------------- PROCESSING PERIOD ---------------------
[SIM 1][PERIOD 184] --------------------- PROCESSING PERIOD ---------------------
[SIM 1][PERIOD 185] --------------------- PROCESSING PERIOD ---------------------
[SIM 1][PERIOD 186] --------------------- PROCESSING PERIOD ---------------------
[SIM 1][PERIOD 187] --------------------- PROCESSING PERIOD ---------------------
[SIM 1][PERIOD 188] --------------------- PROCESSING PERIOD ---------------------
[SIM 1][PERIOD 189] --------------------- PROCESSING PERIOD ---------------------
[SIM 1][PERIOD 190] --------------------- PROCESSING PERIOD ---------------------
[SIM 1][PERIOD 191] --------------------- PROCESSING PERIOD ---------------------
[SIM 1][PERIOD 192] --------------------- PROCESSING PERIOD ---------------------
[SIM 1][PERIOD 193] --------------------- PROCESSING PERIOD ---------------------
[SIM 1][PERIOD 194] --------------------- PROCESSING PERIOD ---------------------
[SIM 1][PERIOD 195] --------------------- PROCESSING PERIOD ---------------------
[SIM 1][PERIOD 196] --------------------- PROCESSING PERIOD ---------------------
[SIM 1][PERIOD 197] --------------------- PROCESSING PERIOD ---------------------
