sys.version_info(major=3, minor=6, micro=0, releaselevel='final', serial=0)
----- PARAMETERS -----
DETERMINISTIC: 1
DemandIntercept: 300
EnableProfiling: False
FixedCostOfImitation: 50
FixedCostOfInnovation: 100
FixedProductionCost: 200
InitialAttractionForImitation: 10
InitialAttractionForInnovation: 10
InitialAttractionForNoResearch: 10
InitialAttractionForResearch: 10
LogLevel: {'Console': ['INFO'], 'File': ['INFO']}
MaxMagnituteOfChangeInTechEnv: 16
MeanMarketSize: 4
MinMarketSize: 0.1
NumberOfParallelProcesses: 72
NumberOfPotentialEntrants: 40
NumberOfSimulations: 1
NumberOfTasks: 96
PeriodOfHalfTurn: 500
PeriodStartOfTechChange: 0
PeriodsOfConstantDemand: 2000
RateOfChangeInTechEnv: 0.2
RateOfMeanMarketSizeGrowth: 0
RateOfPersistenceInDemand: 0.97
STOCHASTIC: 0
StartupWealth: 0
ThresholdNetWealthForSurvival: 0
TimeHorizon: 5000
TypeOfCycle: None
WaveAmplitude: 2

Executing 1 simulations

[SIM 1] STARTING SIMULATION
[SIM 1][PERIOD 1] --------------------- PROCESSING PERIOD ---------------------
[SIM 1][PERIOD 2] --------------------- PROCESSING PERIOD ---------------------
[SIM 1][PERIOD 3] --------------------- PROCESSING PERIOD ---------------------
[SIM 1][PERIOD 4] --------------------- PROCESSING PERIOD ---------------------
[SIM 1][PERIOD 5] --------------------- PROCESSING PERIOD ---------------------
[SIM 1][PERIOD 6] --------------------- PROCESSING PERIOD ---------------------
[SIM 1][PERIOD 7] --------------------- PROCESSING PERIOD ---------------------
[SIM 1][PERIOD 8] --------------------- PROCESSING PERIOD ---------------------
[SIM 1][PERIOD 9] --------------------- PROCESSING PERIOD ---------------------
[SIM 1][PERIOD 10] --------------------- PROCESSING PERIOD ---------------------
[SIM 1][PERIOD 11] --------------------- PROCESSING PERIOD ---------------------
[SIM 1][PERIOD 12] --------------------- PROCESSING PERIOD ---------------------
[SIM 1][PERIOD 13] --------------------- PROCESSING PERIOD ---------------------
[SIM 1][PERIOD 14] --------------------- PROCESSING PERIOD ---------------------
[SIM 1][PERIOD 15] --------------------- PROCESSING PERIOD ---------------------
[SIM 1][PERIOD 16] --------------------- PROCESSING PERIOD ---------------------
[SIM 1][PERIOD 17] --------------------- PROCESSING PERIOD ---------------------
[SIM 1][PERIOD 18] --------------------- PROCESSING PERIOD ---------------------
[SIM 1][PERIOD 19] --------------------- PROCESSING PERIOD ---------------------
[SIM 1][PERIOD 20] --------------------- PROCESSING PERIOD ---------------------
[SIM 1][PERIOD 21] --------------------- PROCESSING PERIOD ---------------------
[SIM 1][PERIOD 22] --------------------- PROCESSING PERIOD ---------------------
[SIM 1][PERIOD 23] --------------------- PROCESSING PERIOD ---------------------
[SIM 1][PERIOD 24] --------------------- PROCESSING PERIOD ---------------------
[SIM 1][PERIOD 25] --------------------- PROCESSING PERIOD ---------------------
[SIM 1][PERIOD 26] --------------------- PROCESSING PERIOD ---------------------
[SIM 1][PERIOD 27] --------------------- PROCESSING PERIOD ---------------------
[SIM 1][PERIOD 28] --------------------- PROCESSING PERIOD ---------------------
[SIM 1][PERIOD 29] --------------------- PROCESSING PERIOD ---------------------
[SIM 1][PERIOD 30] --------------------- PROCESSING PERIOD ---------------------
[SIM 1][PERIOD 31] --------------------- PROCESSING PERIOD ---------------------
[SIM 1][PERIOD 32] --------------------- PROCESSING PERIOD ---------------------
[SIM 1][PERIOD 33] --------------------- PROCESSING PERIOD ---------------------
[SIM 1][PERIOD 34] --------------------- PROCESSING PERIOD ---------------------
[SIM 1][PERIOD 35] --------------------- PROCESSING PERIOD ---------------------
[SIM 1][PERIOD 36] --------------------- PROCESSING PERIOD ---------------------
[SIM 1][PERIOD 37] --------------------- PROCESSING PERIOD ---------------------
[SIM 1][PERIOD 38] --------------------- PROCESSING PERIOD ---------------------
[SIM 1][PERIOD 39] --------------------- PROCESSING PERIOD ---------------------
[SIM 1][PERIOD 40] --------------------- PROCESSING PERIOD ---------------------
[SIM 1][PERIOD 41] --------------------- PROCESSING PERIOD ---------------------
[SIM 1][PERIOD 42] --------------------- PROCESSING PERIOD ---------------------
[SIM 1][PERIOD 43] --------------------- PROCESSING PERIOD ---------------------
[SIM 1][PERIOD 44] --------------------- PROCESSING PERIOD ---------------------
[SIM 1][PERIOD 45] --------------------- PROCESSING PERIOD ---------------------
[SIM 1][PERIOD 46] --------------------- PROCESSING PERIOD ---------------------
[SIM 1][PERIOD 47] --------------------- PROCESSING PERIOD ---------------------
[SIM 1][PERIOD 48] --------------------- PROCESSING PERIOD ---------------------
[SIM 1][PERIOD 49] --------------------- PROCESSING PERIOD ---------------------
[SIM 1][PERIOD 50] --------------------- PROCESSING PERIOD ---------------------
[SIM 1][PERIOD 51] --------------------- PROCESSING PERIOD ---------------------
[SIM 1][PERIOD 52] --------------------- PROCESSING PERIOD ---------------------
[SIM 1][PERIOD 53] --------------------- PROCESSING PERIOD ---------------------
[SIM 1][PERIOD 54] --------------------- PROCESSING PERIOD ---------------------
[SIM 1][PERIOD 55] --------------------- PROCESSING PERIOD ---------------------
[SIM 1][PERIOD 56] --------------------- PROCESSING PERIOD ---------------------
[SIM 1][PERIOD 57] --------------------- PROCESSING PERIOD ---------------------
[SIM 1][PERIOD 58] --------------------- PROCESSING PERIOD ---------------------
[SIM 1][PERIOD 59] --------------------- PROCESSING PERIOD ---------------------
[SIM 1][PERIOD 60] --------------------- PROCESSING PERIOD ---------------------
[SIM 1][PERIOD 61] --------------------- PROCESSING PERIOD ---------------------
[SIM 1][PERIOD 62] --------------------- PROCESSING PERIOD ---------------------
[SIM 1][PERIOD 63] --------------------- PROCESSING PERIOD ---------------------
[SIM 1][PERIOD 64] --------------------- PROCESSING PERIOD ---------------------
[SIM 1][PERIOD 65] --------------------- PROCESSING PERIOD ---------------------
[SIM 1][PERIOD 66] --------------------- PROCESSING PERIOD ---------------------
[SIM 1][PERIOD 67] --------------------- PROCESSING PERIOD ---------------------
[SIM 1][PERIOD 68] --------------------- PROCESSING PERIOD ---------------------
[SIM 1][PERIOD 69] --------------------- PROCESSING PERIOD ---------------------
[SIM 1][PERIOD 70] --------------------- PROCESSING PERIOD ---------------------
[SIM 1][PERIOD 71] --------------------- PROCESSING PERIOD ---------------------
[SIM 1][PERIOD 72] --------------------- PROCESSING PERIOD ---------------------
[SIM 1][PERIOD 73] --------------------- PROCESSING PERIOD ---------------------
[SIM 1][PERIOD 74] --------------------- PROCESSING PERIOD ---------------------
[SIM 1][PERIOD 75] --------------------- PROCESSING PERIOD ---------------------
[SIM 1][PERIOD 76] --------------------- PROCESSING PERIOD ---------------------
[SIM 1][PERIOD 77] --------------------- PROCESSING PERIOD ---------------------
[SIM 1][PERIOD 78] --------------------- PROCESSING PERIOD ---------------------
[SIM 1][PERIOD 79] --------------------- PROCESSING PERIOD ---------------------
[SIM 1][PERIOD 80] --------------------- PROCESSING PERIOD ---------------------
[SIM 1][PERIOD 81] --------------------- PROCESSING PERIOD ---------------------
[SIM 1][PERIOD 82] --------------------- PROCESSING PERIOD ---------------------
[SIM 1][PERIOD 83] --------------------- PROCESSING PERIOD ---------------------
[SIM 1][PERIOD 84] --------------------- PROCESSING PERIOD ---------------------
[SIM 1][PERIOD 85] --------------------- PROCESSING PERIOD ---------------------
[SIM 1][PERIOD 86] --------------------- PROCESSING PERIOD ---------------------
[SIM 1][PERIOD 87] --------------------- PROCESSING PERIOD ---------------------
[SIM 1][PERIOD 88] --------------------- PROCESSING PERIOD ---------------------
[SIM 1][PERIOD 89] --------------------- PROCESSING PERIOD ---------------------
[SIM 1][PERIOD 90] --------------------- PROCESSING PERIOD ---------------------
[SIM 1][PERIOD 91] --------------------- PROCESSING PERIOD ---------------------
[SIM 1][PERIOD 92] --------------------- PROCESSING PERIOD ---------------------
[SIM 1][PERIOD 93] --------------------- PROCESSING PERIOD ---------------------
[SIM 1][PERIOD 94] --------------------- PROCESSING PERIOD ---------------------
[SIM 1][PERIOD 95] --------------------- PROCESSING PERIOD ---------------------
[SIM 1][PERIOD 96] --------------------- PROCESSING PERIOD ---------------------
[SIM 1][PERIOD 97] --------------------- PROCESSING PERIOD ---------------------
[SIM 1][PERIOD 98] --------------------- PROCESSING PERIOD ---------------------
[SIM 1][PERIOD 99] --------------------- PROCESSING PERIOD ---------------------
[SIM 1][PERIOD 100] --------------------- PROCESSING PERIOD ---------------------
[SIM 1][PERIOD 101] --------------------- PROCESSING PERIOD ---------------------
[SIM 1][PERIOD 102] --------------------- PROCESSING PERIOD ---------------------
[SIM 1][PERIOD 103] --------------------- PROCESSING PERIOD ---------------------
[SIM 1][PERIOD 104] --------------------- PROCESSING PERIOD ---------------------
[SIM 1][PERIOD 105] --------------------- PROCESSING PERIOD ---------------------
[SIM 1][PERIOD 106] --------------------- PROCESSING PERIOD ---------------------
[SIM 1][PERIOD 107] --------------------- PROCESSING PERIOD ---------------------
[SIM 1][PERIOD 108] --------------------- PROCESSING PERIOD ---------------------
[SIM 1][PERIOD 109] --------------------- PROCESSING PERIOD ---------------------
[SIM 1][PERIOD 110] --------------------- PROCESSING PERIOD ---------------------
[SIM 1][PERIOD 111] --------------------- PROCESSING PERIOD ---------------------
[SIM 1][PERIOD 112] --------------------- PROCESSING PERIOD ---------------------
[SIM 1][PERIOD 113] --------------------- PROCESSING PERIOD ---------------------
[SIM 1][PERIOD 114] --------------------- PROCESSING PERIOD ---------------------
[SIM 1][PERIOD 115] --------------------- PROCESSING PERIOD ---------------------
[SIM 1][PERIOD 116] --------------------- PROCESSING PERIOD ---------------------
[SIM 1][PERIOD 117] --------------------- PROCESSING PERIOD ---------------------
[SIM 1][PERIOD 118] --------------------- PROCESSING PERIOD ---------------------
[SIM 1][PERIOD 119] --------------------- PROCESSING PERIOD ---------------------
[SIM 1][PERIOD 120] --------------------- PROCESSING PERIOD ---------------------
[SIM 1][PERIOD 121] --------------------- PROCESSING PERIOD ---------------------
[SIM 1][PERIOD 122] --------------------- PROCESSING PERIOD ---------------------
[SIM 1][PERIOD 123] --------------------- PROCESSING PERIOD ---------------------
[SIM 1][PERIOD 124] --------------------- PROCESSING PERIOD ---------------------
[SIM 1][PERIOD 125] --------------------- PROCESSING PERIOD ---------------------
[SIM 1][PERIOD 126] --------------------- PROCESSING PERIOD ---------------------
[SIM 1][PERIOD 127] --------------------- PROCESSING PERIOD ---------------------
[SIM 1][PERIOD 128] --------------------- PROCESSING PERIOD ---------------------
[SIM 1][PERIOD 129] --------------------- PROCESSING PERIOD ---------------------
[SIM 1][PERIOD 130] --------------------- PROCESSING PERIOD ---------------------
[SIM 1][PERIOD 131] --------------------- PROCESSING PERIOD ---------------------
[SIM 1][PERIOD 132] --------------------- PROCESSING PERIOD ---------------------
[SIM 1][PERIOD 133] --------------------- PROCESSING PERIOD ---------------------
[SIM 1][PERIOD 134] --------------------- PROCESSING PERIOD ---------------------
[SIM 1][PERIOD 135] --------------------- PROCESSING PERIOD ---------------------
[SIM 1][PERIOD 136] --------------------- PROCESSING PERIOD ---------------------
[SIM 1][PERIOD 137] --------------------- PROCESSING PERIOD ---------------------
[SIM 1][PERIOD 138] --------------------- PROCESSING PERIOD ---------------------
[SIM 1][PERIOD 139] --------------------- PROCESSING PERIOD ---------------------
[SIM 1][PERIOD 140] --------------------- PROCESSING PERIOD ---------------------
[SIM 1][PERIOD 141] --------------------- PROCESSING PERIOD ---------------------
[SIM 1][PERIOD 142] --------------------- PROCESSING PERIOD ---------------------
[SIM 1][PERIOD 143] --------------------- PROCESSING PERIOD ---------------------
[SIM 1][PERIOD 144] --------------------- PROCESSING PERIOD ---------------------
[SIM 1][PERIOD 145] --------------------- PROCESSING PERIOD ---------------------
[SIM 1][PERIOD 146] --------------------- PROCESSING PERIOD ---------------------
[SIM 1][PERIOD 147] --------------------- PROCESSING PERIOD ---------------------
[SIM 1][PERIOD 148] --------------------- PROCESSING PERIOD ---------------------
[SIM 1][PERIOD 149] --------------------- PROCESSING PERIOD ---------------------
[SIM 1][PERIOD 150] --------------------- PROCESSING PERIOD ---------------------
[SIM 1][PERIOD 151] --------------------- PROCESSING PERIOD ---------------------
[SIM 1][PERIOD 152] --------------------- PROCESSING PERIOD ---------------------
[SIM 1][PERIOD 153] --------------------- PROCESSING PERIOD ---------------------
[SIM 1][PERIOD 154] --------------------- PROCESSING PERIOD ---------------------
[SIM 1][PERIOD 155] --------------------- PROCESSING PERIOD ---------------------
[SIM 1][PERIOD 156] --------------------- PROCESSING PERIOD ---------------------
[SIM 1][PERIOD 157] --------------------- PROCESSING PERIOD ---------------------
[SIM 1][PERIOD 158] --------------------- PROCESSING PERIOD ---------------------
[SIM 1][PERIOD 159] --------------------- PROCESSING PERIOD ---------------------
[SIM 1][PERIOD 160] --------------------- PROCESSING PERIOD ---------------------
[SIM 1][PERIOD 161] --------------------- PROCESSING PERIOD ---------------------
[SIM 1][PERIOD 162] --------------------- PROCESSING PERIOD ---------------------
[SIM 1][PERIOD 163] --------------------- PROCESSING PERIOD ---------------------
[SIM 1][PERIOD 164] --------------------- PROCESSING PERIOD ---------------------
[SIM 1][PERIOD 165] --------------------- PROCESSING PERIOD ---------------------
[SIM 1][PERIOD 166] --------------------- PROCESSING PERIOD ---------------------
[SIM 1][PERIOD 167] --------------------- PROCESSING PERIOD ---------------------
[SIM 1][PERIOD 168] --------------------- PROCESSING PERIOD ---------------------
[SIM 1][PERIOD 169] --------------------- PROCESSING PERIOD ---------------------
[SIM 1][PERIOD 170] --------------------- PROCESSING PERIOD ---------------------
[SIM 1][PERIOD 171] --------------------- PROCESSING PERIOD ---------------------
[SIM 1][PERIOD 172] --------------------- PROCESSING PERIOD ---------------------
[SIM 1][PERIOD 173] --------------------- PROCESSING PERIOD ---------------------
[SIM 1][PERIOD 174] --------------------- PROCESSING PERIOD ---------------------
[SIM 1][PERIOD 175] --------------------- PROCESSING PERIOD ---------------------
[SIM 1][PERIOD 176] --------------------- PROCESSING PERIOD ---------------------
[SIM 1][PERIOD 177] --------------------- PROCESSING PERIOD ---------------------
[SIM 1][PERIOD 178] --------------------- PROCESSING PERIOD ---------------------
[SIM 1][PERIOD 179] --------------------- PROCESSING PERIOD ---------------------
[SIM 1][PERIOD 180] --------------------- PROCESSING PERIOD ---------------------
[SIM 1][PERIOD 181] --------------------- PROCESSING PERIOD ---------------------
[SIM 1][PERIOD 182] --------------------- PROCESSING PERIOD ---------------------
[SIM 1][PERIOD 183] --------------------- PROCESSING PERIOD ---------------------
[SIM 1][PERIOD 184] --------------------- PROCESSING PERIOD ---------------------
[SIM 1][PERIOD 185] --------------------- PROCESSING PERIOD ---------------------
[SIM 1][PERIOD 186] --------------------- PROCESSING PERIOD ---------------------
[SIM 1][PERIOD 187] --------------------- PROCESSING PERIOD ---------------------
[SIM 1][PERIOD 188] --------------------- PROCESSING PERIOD ---------------------
[SIM 1][PERIOD 189] --------------------- PROCESSING PERIOD ---------------------
[SIM 1][PERIOD 190] --------------------- PROCESSING PERIOD ---------------------
[SIM 1][PERIOD 191] --------------------- PROCESSING PERIOD ---------------------
[SIM 1][PERIOD 192] --------------------- PROCESSING PERIOD ---------------------
[SIM 1][PERIOD 193] --------------------- PROCESSING PERIOD ---------------------
[SIM 1][PERIOD 194] --------------------- PROCESSING PERIOD ---------------------
[SIM 1][PERIOD 195] --------------------- PROCESSING PERIOD ---------------------
[SIM 1][PERIOD 196] --------------------- PROCESSING PERIOD ---------------------
[SIM 1][PERIOD 197] --------------------- PROCESSING PERIOD ---------------------
[SIM 1][PERIOD 198] --------------------- PROCESSING PERIOD ---------------------
[SIM 1][PERIOD 199] --------------------- PROCESSING PERIOD ---------------------
[SIM 1][PERIOD 200] --------------------- PROCESSING PERIOD ---------------------
[SIM 1][PERIOD 201] --------------------- PROCESSING PERIOD ---------------------
[SIM 1][PERIOD 202] --------------------- PROCESSING PERIOD ---------------------
[SIM 1][PERIOD 203] --------------------- PROCESSING PERIOD ---------------------
[SIM 1][PERIOD 204] --------------------- PROCESSING PERIOD ---------------------
[SIM 1][PERIOD 205] --------------------- PROCESSING PERIOD ---------------------
[SIM 1][PERIOD 206] --------------------- PROCESSING PERIOD ---------------------
[SIM 1][PERIOD 207] --------------------- PROCESSING PERIOD ---------------------
[SIM 1][PERIOD 208] --------------------- PROCESSING PERIOD ---------------------
[SIM 1][PERIOD 209] --------------------- PROCESSING PERIOD ---------------------
[SIM 1][PERIOD 210] --------------------- PROCESSING PERIOD ---------------------
[SIM 1][PERIOD 211] --------------------- PROCESSING PERIOD ---------------------
[SIM 1][PERIOD 212] --------------------- PROCESSING PERIOD ---------------------
[SIM 1][PERIOD 213] --------------------- PROCESSING PERIOD ---------------------
[SIM 1][PERIOD 214] --------------------- PROCESSING PERIOD ---------------------
[SIM 1][PERIOD 215] --------------------- PROCESSING PERIOD ---------------------
[SIM 1][PERIOD 216] --------------------- PROCESSING PERIOD ---------------------
[SIM 1][PERIOD 217] --------------------- PROCESSING PERIOD ---------------------
[SIM 1][PERIOD 218] --------------------- PROCESSING PERIOD ---------------------
[SIM 1][PERIOD 219] --------------------- PROCESSING PERIOD ---------------------
[SIM 1][PERIOD 220] --------------------- PROCESSING PERIOD ---------------------
[SIM 1][PERIOD 221] --------------------- PROCESSING PERIOD ---------------------
[SIM 1][PERIOD 222] --------------------- PROCESSING PERIOD ---------------------
[SIM 1][PERIOD 223] --------------------- PROCESSING PERIOD ---------------------
[SIM 1][PERIOD 224] --------------------- PROCESSING PERIOD ---------------------
[SIM 1][PERIOD 225] --------------------- PROCESSING PERIOD ---------------------
[SIM 1][PERIOD 226] --------------------- PROCESSING PERIOD ---------------------
[SIM 1][PERIOD 227] --------------------- PROCESSING PERIOD ---------------------
[SIM 1][PERIOD 228] --------------------- PROCESSING PERIOD ---------------------
[SIM 1][PERIOD 229] --------------------- PROCESSING PERIOD ---------------------
[SIM 1][PERIOD 230] --------------------- PROCESSING PERIOD ---------------------
[SIM 1][PERIOD 231] --------------------- PROCESSING PERIOD ---------------------
[SIM 1][PERIOD 232] --------------------- PROCESSING PERIOD ---------------------
[SIM 1][PERIOD 233] --------------------- PROCESSING PERIOD ---------------------
[SIM 1][PERIOD 234] --------------------- PROCESSING PERIOD ---------------------
[SIM 1][PERIOD 235] --------------------- PROCESSING PERIOD ---------------------
[SIM 1][PERIOD 236] --------------------- PROCESSING PERIOD ---------------------
[SIM 1][PERIOD 237] --------------------- PROCESSING PERIOD ---------------------
[SIM 1][PERIOD 238] --------------------- PROCESSING PERIOD ---------------------
[SIM 1][PERIOD 239] --------------------- PROCESSING PERIOD ---------------------
[SIM 1][PERIOD 240] --------------------- PROCESSING PERIOD ---------------------
[SIM 1][PERIOD 241] --------------------- PROCESSING PERIOD ---------------------
[SIM 1][PERIOD 242] --------------------- PROCESSING PERIOD ---------------------
[SIM 1][PERIOD 243] --------------------- PROCESSING PERIOD ---------------------
[SIM 1][PERIOD 244] --------------------- PROCESSING PERIOD ---------------------
[SIM 1][PERIOD 245] --------------------- PROCESSING PERIOD ---------------------
[SIM 1][PERIOD 246] --------------------- PROCESSING PERIOD ---------------------
[SIM 1][PERIOD 247] --------------------- PROCESSING PERIOD ---------------------
[SIM 1][PERIOD 248] --------------------- PROCESSING PERIOD ---------------------
[SIM 1][PERIOD 249] --------------------- PROCESSING PERIOD ---------------------
[SIM 1][PERIOD 250] --------------------- PROCESSING PERIOD ---------------------
[SIM 1][PERIOD 251] --------------------- PROCESSING PERIOD ---------------------
[SIM 1][PERIOD 252] --------------------- PROCESSING PERIOD ---------------------
[SIM 1][PERIOD 253] --------------------- PROCESSING PERIOD ---------------------
[SIM 1][PERIOD 254] --------------------- PROCESSING PERIOD ---------------------
[SIM 1][PERIOD 255] --------------------- PROCESSING PERIOD ---------------------
[SIM 1][PERIOD 256] --------------------- PROCESSING PERIOD ---------------------
[SIM 1][PERIOD 257] --------------------- PROCESSING PERIOD ---------------------
[SIM 1][PERIOD 258] --------------------- PROCESSING PERIOD ---------------------
[SIM 1][PERIOD 259] --------------------- PROCESSING PERIOD ---------------------
[SIM 1][PERIOD 260] --------------------- PROCESSING PERIOD ---------------------
[SIM 1][PERIOD 261] --------------------- PROCESSING PERIOD ---------------------
[SIM 1][PERIOD 262] --------------------- PROCESSING PERIOD ---------------------
[SIM 1][PERIOD 263] --------------------- PROCESSING PERIOD ---------------------
[SIM 1][PERIOD 264] --------------------- PROCESSING PERIOD ---------------------
[SIM 1][PERIOD 265] --------------------- PROCESSING PERIOD ---------------------
[SIM 1][PERIOD 266] --------------------- PROCESSING PERIOD ---------------------
[SIM 1][PERIOD 267] --------------------- PROCESSING PERIOD ---------------------
[SIM 1][PERIOD 268] --------------------- PROCESSING PERIOD ---------------------
[SIM 1][PERIOD 269] --------------------- PROCESSING PERIOD ---------------------
[SIM 1][PERIOD 270] --------------------- PROCESSING PERIOD ---------------------
[SIM 1][PERIOD 271] --------------------- PROCESSING PERIOD ---------------------
[SIM 1][PERIOD 272] --------------------- PROCESSING PERIOD ---------------------
[SIM 1][PERIOD 273] --------------------- PROCESSING PERIOD ---------------------
[SIM 1][PERIOD 274] --------------------- PROCESSING PERIOD ---------------------
[SIM 1][PERIOD 275] --------------------- PROCESSING PERIOD ---------------------
[SIM 1][PERIOD 276] --------------------- PROCESSING PERIOD ---------------------
[SIM 1][PERIOD 277] --------------------- PROCESSING PERIOD ---------------------
[SIM 1][PERIOD 278] --------------------- PROCESSING PERIOD ---------------------
[SIM 1][PERIOD 279] --------------------- PROCESSING PERIOD ---------------------
[SIM 1][PERIOD 280] --------------------- PROCESSING PERIOD ---------------------
[SIM 1][PERIOD 281] --------------------- PROCESSING PERIOD ---------------------
[SIM 1][PERIOD 282] --------------------- PROCESSING PERIOD ---------------------
[SIM 1][PERIOD 283] --------------------- PROCESSING PERIOD ---------------------
[SIM 1][PERIOD 284] --------------------- PROCESSING PERIOD ---------------------
[SIM 1][PERIOD 285] --------------------- PROCESSING PERIOD ---------------------
[SIM 1][PERIOD 286] --------------------- PROCESSING PERIOD ---------------------
[SIM 1][PERIOD 287] --------------------- PROCESSING PERIOD ---------------------
[SIM 1][PERIOD 288] --------------------- PROCESSING PERIOD ---------------------
[SIM 1][PERIOD 289] --------------------- PROCESSING PERIOD ---------------------
[SIM 1][PERIOD 290] --------------------- PROCESSING PERIOD ---------------------
[SIM 1][PERIOD 291] --------------------- PROCESSING PERIOD ---------------------
[SIM 1][PERIOD 292] --------------------- PROCESSING PERIOD ---------------------
[SIM 1][PERIOD 293] --------------------- PROCESSING PERIOD ---------------------
[SIM 1][PERIOD 294] --------------------- PROCESSING PERIOD ---------------------
[SIM 1][PERIOD 295] --------------------- PROCESSING PERIOD ---------------------
[SIM 1][PERIOD 296] --------------------- PROCESSING PERIOD ---------------------
[SIM 1][PERIOD 297] --------------------- PROCESSING PERIOD ---------------------
[SIM 1][PERIOD 298] --------------------- PROCESSING PERIOD ---------------------
[SIM 1][PERIOD 299] --------------------- PROCESSING PERIOD ---------------------
[SIM 1][PERIOD 300] --------------------- PROCESSING PERIOD ---------------------
[SIM 1][PERIOD 301] --------------------- PROCESSING PERIOD ---------------------
[SIM 1][PERIOD 302] --------------------- PROCESSING PERIOD ---------------------
[SIM 1][PERIOD 303] --------------------- PROCESSING PERIOD ---------------------
[SIM 1][PERIOD 304] --------------------- PROCESSING PERIOD ---------------------
[SIM 1][PERIOD 305] --------------------- PROCESSING PERIOD ---------------------
[SIM 1][PERIOD 306] --------------------- PROCESSING PERIOD ---------------------
[SIM 1][PERIOD 307] --------------------- PROCESSING PERIOD ---------------------
[SIM 1][PERIOD 308] --------------------- PROCESSING PERIOD ---------------------
[SIM 1][PERIOD 309] --------------------- PROCESSING PERIOD ---------------------
[SIM 1][PERIOD 310] --------------------- PROCESSING PERIOD ---------------------
[SIM 1][PERIOD 311] --------------------- PROCESSING PERIOD ---------------------
[SIM 1][PERIOD 312] --------------------- PROCESSING PERIOD ---------------------
[SIM 1][PERIOD 313] --------------------- PROCESSING PERIOD ---------------------
[SIM 1][PERIOD 314] --------------------- PROCESSING PERIOD ---------------------
[SIM 1][PERIOD 315] --------------------- PROCESSING PERIOD ---------------------
[SIM 1][PERIOD 316] --------------------- PROCESSING PERIOD ---------------------
[SIM 1][PERIOD 317] --------------------- PROCESSING PERIOD ---------------------
[SIM 1][PERIOD 318] --------------------- PROCESSING PERIOD ---------------------
[SIM 1][PERIOD 319] --------------------- PROCESSING PERIOD ---------------------
[SIM 1][PERIOD 320] --------------------- PROCESSING PERIOD ---------------------
[SIM 1][PERIOD 321] --------------------- PROCESSING PERIOD ---------------------
[SIM 1][PERIOD 322] --------------------- PROCESSING PERIOD ---------------------
[SIM 1][PERIOD 323] --------------------- PROCESSING PERIOD ---------------------
[SIM 1][PERIOD 324] --------------------- PROCESSING PERIOD ---------------------
[SIM 1][PERIOD 325] --------------------- PROCESSING PERIOD ---------------------
[SIM 1][PERIOD 326] --------------------- PROCESSING PERIOD ---------------------
[SIM 1][PERIOD 327] --------------------- PROCESSING PERIOD ---------------------
[SIM 1][PERIOD 328] --------------------- PROCESSING PERIOD ---------------------
[SIM 1][PERIOD 329] --------------------- PROCESSING PERIOD ---------------------
[SIM 1][PERIOD 330] --------------------- PROCESSING PERIOD ---------------------
[SIM 1][PERIOD 331] --------------------- PROCESSING PERIOD ---------------------
[SIM 1][PERIOD 332] --------------------- PROCESSING PERIOD ---------------------
[SIM 1][PERIOD 333] --------------------- PROCESSING PERIOD ---------------------
[SIM 1][PERIOD 334] --------------------- PROCESSING PERIOD ---------------------
[SIM 1][PERIOD 335] --------------------- PROCESSING PERIOD ---------------------
[SIM 1][PERIOD 336] --------------------- PROCESSING PERIOD ---------------------
[SIM 1][PERIOD 337] --------------------- PROCESSING PERIOD ---------------------
[SIM 1][PERIOD 338] --------------------- PROCESSING PERIOD ---------------------
[SIM 1][PERIOD 339] --------------------- PROCESSING PERIOD ---------------------
[SIM 1][PERIOD 340] --------------------- PROCESSING PERIOD ---------------------
[SIM 1][PERIOD 341] --------------------- PROCESSING PERIOD ---------------------
[SIM 1][PERIOD 342] --------------------- PROCESSING PERIOD ---------------------
[SIM 1][PERIOD 343] --------------------- PROCESSING PERIOD ---------------------
[SIM 1][PERIOD 344] --------------------- PROCESSING PERIOD ---------------------
[SIM 1][PERIOD 345] --------------------- PROCESSING PERIOD ---------------------
[SIM 1][PERIOD 346] --------------------- PROCESSING PERIOD ---------------------
[SIM 1][PERIOD 347] --------------------- PROCESSING PERIOD ---------------------
[SIM 1][PERIOD 348] --------------------- PROCESSING PERIOD ---------------------
[SIM 1][PERIOD 349] --------------------- PROCESSING PERIOD ---------------------
[SIM 1][PERIOD 350] --------------------- PROCESSING PERIOD ---------------------
[SIM 1][PERIOD 351] --------------------- PROCESSING PERIOD ---------------------
[SIM 1][PERIOD 352] --------------------- PROCESSING PERIOD ---------------------
[SIM 1][PERIOD 353] --------------------- PROCESSING PERIOD ---------------------
[SIM 1][PERIOD 354] --------------------- PROCESSING PERIOD ---------------------
[SIM 1][PERIOD 355] --------------------- PROCESSING PERIOD ---------------------
[SIM 1][PERIOD 356] --------------------- PROCESSING PERIOD ---------------------
[SIM 1][PERIOD 357] --------------------- PROCESSING PERIOD ---------------------
[SIM 1][PERIOD 358] --------------------- PROCESSING PERIOD ---------------------
[SIM 1][PERIOD 359] --------------------- PROCESSING PERIOD ---------------------
[SIM 1][PERIOD 360] --------------------- PROCESSING PERIOD ---------------------
[SIM 1][PERIOD 361] --------------------- PROCESSING PERIOD ---------------------
[SIM 1][PERIOD 362] --------------------- PROCESSING PERIOD ---------------------
[SIM 1][PERIOD 363] --------------------- PROCESSING PERIOD ---------------------
[SIM 1][PERIOD 364] --------------------- PROCESSING PERIOD ---------------------
[SIM 1][PERIOD 365] --------------------- PROCESSING PERIOD ---------------------
[SIM 1][PERIOD 366] --------------------- PROCESSING PERIOD ---------------------
[SIM 1][PERIOD 367] --------------------- PROCESSING PERIOD ---------------------
[SIM 1][PERIOD 368] --------------------- PROCESSING PERIOD ---------------------
[SIM 1][PERIOD 369] --------------------- PROCESSING PERIOD ---------------------
[SIM 1][PERIOD 370] --------------------- PROCESSING PERIOD ---------------------
[SIM 1][PERIOD 371] --------------------- PROCESSING PERIOD ---------------------
[SIM 1][PERIOD 372] --------------------- PROCESSING PERIOD ---------------------
[SIM 1][PERIOD 373] --------------------- PROCESSING PERIOD ---------------------
[SIM 1][PERIOD 374] --------------------- PROCESSING PERIOD ---------------------
[SIM 1][PERIOD 375] --------------------- PROCESSING PERIOD ---------------------
[SIM 1][PERIOD 376] --------------------- PROCESSING PERIOD ---------------------
[SIM 1][PERIOD 377] --------------------- PROCESSING PERIOD ---------------------
[SIM 1][PERIOD 378] --------------------- PROCESSING PERIOD ---------------------
[SIM 1][PERIOD 379] --------------------- PROCESSING PERIOD ---------------------
[SIM 1][PERIOD 380] --------------------- PROCESSING PERIOD ---------------------
[SIM 1][PERIOD 381] --------------------- PROCESSING PERIOD ---------------------
[SIM 1][PERIOD 382] --------------------- PROCESSING PERIOD ---------------------
[SIM 1][PERIOD 383] --------------------- PROCESSING PERIOD ---------------------
[SIM 1][PERIOD 384] --------------------- PROCESSING PERIOD ---------------------
[SIM 1][PERIOD 385] --------------------- PROCESSING PERIOD ---------------------
[SIM 1][PERIOD 386] --------------------- PROCESSING PERIOD ---------------------
[SIM 1][PERIOD 387] --------------------- PROCESSING PERIOD ---------------------
[SIM 1][PERIOD 388] --------------------- PROCESSING PERIOD ---------------------
[SIM 1][PERIOD 389] --------------------- PROCESSING PERIOD ---------------------
[SIM 1][PERIOD 390] --------------------- PROCESSING PERIOD ---------------------
[SIM 1][PERIOD 391] --------------------- PROCESSING PERIOD ---------------------
[SIM 1][PERIOD 392] --------------------- PROCESSING PERIOD ---------------------
[SIM 1][PERIOD 393] --------------------- PROCESSING PERIOD ---------------------
[SIM 1][PERIOD 394] --------------------- PROCESSING PERIOD ---------------------
[SIM 1][PERIOD 395] --------------------- PROCESSING PERIOD ---------------------
[SIM 1][PERIOD 396] --------------------- PROCESSING PERIOD ---------------------
[SIM 1][PERIOD 397] --------------------- PROCESSING PERIOD ---------------------
[SIM 1][PERIOD 398] --------------------- PROCESSING PERIOD ---------------------
[SIM 1][PERIOD 399] --------------------- PROCESSING PERIOD ---------------------
[SIM 1][PERIOD 400] --------------------- PROCESSING PERIOD ---------------------
[SIM 1][PERIOD 401] --------------------- PROCESSING PERIOD ---------------------
[SIM 1][PERIOD 402] --------------------- PROCESSING PERIOD ---------------------
[SIM 1][PERIOD 403] --------------------- PROCESSING PERIOD ---------------------
[SIM 1][PERIOD 404] --------------------- PROCESSING PERIOD ---------------------
[SIM 1][PERIOD 405] --------------------- PROCESSING PERIOD ---------------------
[SIM 1][PERIOD 406] --------------------- PROCESSING PERIOD ---------------------
[SIM 1][PERIOD 407] --------------------- PROCESSING PERIOD ---------------------
[SIM 1][PERIOD 408] --------------------- PROCESSING PERIOD ---------------------
[SIM 1][PERIOD 409] --------------------- PROCESSING PERIOD ---------------------
[SIM 1][PERIOD 410] --------------------- PROCESSING PERIOD ---------------------
[SIM 1][PERIOD 411] --------------------- PROCESSING PERIOD ---------------------
[SIM 1][PERIOD 412] --------------------- PROCESSING PERIOD ---------------------
[SIM 1][PERIOD 413] --------------------- PROCESSING PERIOD ---------------------
[SIM 1][PERIOD 414] --------------------- PROCESSING PERIOD ---------------------
[SIM 1][PERIOD 415] --------------------- PROCESSING PERIOD ---------------------
[SIM 1][PERIOD 416] --------------------- PROCESSING PERIOD ---------------------
[SIM 1][PERIOD 417] --------------------- PROCESSING PERIOD ---------------------
[SIM 1][PERIOD 418] --------------------- PROCESSING PERIOD ---------------------
[SIM 1][PERIOD 419] --------------------- PROCESSING PERIOD ---------------------
[SIM 1][PERIOD 420] --------------------- PROCESSING PERIOD ---------------------
[SIM 1][PERIOD 421] --------------------- PROCESSING PERIOD ---------------------
[SIM 1][PERIOD 422] --------------------- PROCESSING PERIOD ---------------------
[SIM 1][PERIOD 423] --------------------- PROCESSING PERIOD ---------------------
[SIM 1][PERIOD 424] --------------------- PROCESSING PERIOD ---------------------
[SIM 1][PERIOD 425] --------------------- PROCESSING PERIOD ---------------------
[SIM 1][PERIOD 426] --------------------- PROCESSING PERIOD ---------------------
[SIM 1][PERIOD 427] --------------------- PROCESSING PERIOD ---------------------
[SIM 1][PERIOD 428] --------------------- PROCESSING PERIOD ---------------------
[SIM 1][PERIOD 429] --------------------- PROCESSING PERIOD ---------------------
[SIM 1][PERIOD 430] --------------------- PROCESSING PERIOD ---------------------
[SIM 1][PERIOD 431] --------------------- PROCESSING PERIOD ---------------------
[SIM 1][PERIOD 432] --------------------- PROCESSING PERIOD ---------------------
[SIM 1][PERIOD 433] --------------------- PROCESSING PERIOD ---------------------
[SIM 1][PERIOD 434] --------------------- PROCESSING PERIOD ---------------------
[SIM 1][PERIOD 435] --------------------- PROCESSING PERIOD ---------------------
[SIM 1][PERIOD 436] --------------------- PROCESSING PERIOD ---------------------
[SIM 1][PERIOD 437] --------------------- PROCESSING PERIOD ---------------------
[SIM 1][PERIOD 438] --------------------- PROCESSING PERIOD ---------------------
[SIM 1][PERIOD 439] --------------------- PROCESSING PERIOD ---------------------
[SIM 1][PERIOD 440] --------------------- PROCESSING PERIOD ---------------------
[SIM 1][PERIOD 441] --------------------- PROCESSING PERIOD ---------------------
[SIM 1][PERIOD 442] --------------------- PROCESSING PERIOD ---------------------
[SIM 1][PERIOD 443] --------------------- PROCESSING PERIOD ---------------------
[SIM 1][PERIOD 444] --------------------- PROCESSING PERIOD ---------------------
[SIM 1][PERIOD 445] --------------------- PROCESSING PERIOD ---------------------
[SIM 1][PERIOD 446] --------------------- PROCESSING PERIOD ---------------------
[SIM 1][PERIOD 447] --------------------- PROCESSING PERIOD ---------------------
[SIM 1][PERIOD 448] --------------------- PROCESSING PERIOD ---------------------
[SIM 1][PERIOD 449] --------------------- PROCESSING PERIOD ---------------------
[SIM 1][PERIOD 450] --------------------- PROCESSING PERIOD ---------------------
[SIM 1][PERIOD 451] --------------------- PROCESSING PERIOD ---------------------
[SIM 1][PERIOD 452] --------------------- PROCESSING PERIOD ---------------------
[SIM 1][PERIOD 453] --------------------- PROCESSING PERIOD ---------------------
[SIM 1][PERIOD 454] --------------------- PROCESSING PERIOD ---------------------
[SIM 1][PERIOD 455] --------------------- PROCESSING PERIOD ---------------------
[SIM 1][PERIOD 456] --------------------- PROCESSING PERIOD ---------------------
[SIM 1][PERIOD 457] --------------------- PROCESSING PERIOD ---------------------
[SIM 1][PERIOD 458] --------------------- PROCESSING PERIOD ---------------------
[SIM 1][PERIOD 459] --------------------- PROCESSING PERIOD ---------------------
[SIM 1][PERIOD 460] --------------------- PROCESSING PERIOD ---------------------
[SIM 1][PERIOD 461] --------------------- PROCESSING PERIOD ---------------------
[SIM 1][PERIOD 462] --------------------- PROCESSING PERIOD ---------------------
[SIM 1][PERIOD 463] --------------------- PROCESSING PERIOD ---------------------
[SIM 1][PERIOD 464] --------------------- PROCESSING PERIOD ---------------------
[SIM 1][PERIOD 465] --------------------- PROCESSING PERIOD ---------------------
[SIM 1][PERIOD 466] --------------------- PROCESSING PERIOD ---------------------
[SIM 1][PERIOD 467] --------------------- PROCESSING PERIOD ---------------------
[SIM 1][PERIOD 468] --------------------- PROCESSING PERIOD ---------------------
[SIM 1][PERIOD 469] --------------------- PROCESSING PERIOD ---------------------
[SIM 1][PERIOD 470] --------------------- PROCESSING PERIOD ---------------------
[SIM 1][PERIOD 471] --------------------- PROCESSING PERIOD ---------------------
[SIM 1][PERIOD 472] --------------------- PROCESSING PERIOD ---------------------
[SIM 1][PERIOD 473] --------------------- PROCESSING PERIOD ---------------------
[SIM 1][PERIOD 474] --------------------- PROCESSING PERIOD ---------------------
[SIM 1][PERIOD 475] --------------------- PROCESSING PERIOD ---------------------
[SIM 1][PERIOD 476] --------------------- PROCESSING PERIOD ---------------------
[SIM 1][PERIOD 477] --------------------- PROCESSING PERIOD ---------------------
[SIM 1][PERIOD 478] --------------------- PROCESSING PERIOD ---------------------
[SIM 1][PERIOD 479] --------------------- PROCESSING PERIOD ---------------------
[SIM 1][PERIOD 480] --------------------- PROCESSING PERIOD ---------------------
[SIM 1][PERIOD 481] --------------------- PROCESSING PERIOD ---------------------
[SIM 1][PERIOD 482] --------------------- PROCESSING PERIOD ---------------------
[SIM 1][PERIOD 483] --------------------- PROCESSING PERIOD ---------------------
[SIM 1][PERIOD 484] --------------------- PROCESSING PERIOD ---------------------
[SIM 1][PERIOD 485] --------------------- PROCESSING PERIOD ---------------------
[SIM 1][PERIOD 486] --------------------- PROCESSING PERIOD ---------------------
[SIM 1][PERIOD 487] --------------------- PROCESSING PERIOD ---------------------
[SIM 1][PERIOD 488] --------------------- PROCESSING PERIOD ---------------------
[SIM 1][PERIOD 489] --------------------- PROCESSING PERIOD ---------------------
[SIM 1][PERIOD 490] --------------------- PROCESSING PERIOD ---------------------
[SIM 1][PERIOD 491] --------------------- PROCESSING PERIOD ---------------------
[SIM 1][PERIOD 492] --------------------- PROCESSING PERIOD ---------------------
[SIM 1][PERIOD 493] --------------------- PROCESSING PERIOD ---------------------
[SIM 1][PERIOD 494] --------------------- PROCESSING PERIOD ---------------------
[SIM 1][PERIOD 495] --------------------- PROCESSING PERIOD ---------------------
[SIM 1][PERIOD 496] --------------------- PROCESSING PERIOD ---------------------
[SIM 1][PERIOD 497] --------------------- PROCESSING PERIOD ---------------------
[SIM 1][PERIOD 498] --------------------- PROCESSING PERIOD ---------------------
[SIM 1][PERIOD 499] --------------------- PROCESSING PERIOD ---------------------
[SIM 1][PERIOD 500] --------------------- PROCESSING PERIOD ---------------------
[SIM 1][PERIOD 501] --------------------- PROCESSING PERIOD ---------------------
[SIM 1][PERIOD 502] --------------------- PROCESSING PERIOD ---------------------
[SIM 1][PERIOD 503] --------------------- PROCESSING PERIOD ---------------------
[SIM 1][PERIOD 504] --------------------- PROCESSING PERIOD ---------------------
[SIM 1][PERIOD 505] --------------------- PROCESSING PERIOD ---------------------
[SIM 1][PERIOD 506] --------------------- PROCESSING PERIOD ---------------------
[SIM 1][PERIOD 507] --------------------- PROCESSING PERIOD ---------------------
[SIM 1][PERIOD 508] --------------------- PROCESSING PERIOD ---------------------
[SIM 1][PERIOD 509] --------------------- PROCESSING PERIOD ---------------------
[SIM 1][PERIOD 510] --------------------- PROCESSING PERIOD ---------------------
