
sys.version_info(major=3, minor=6, micro=0, releaselevel='final', serial=0)
----- PARAMETERS -----
DemandIntercept: 300
FixedCost: 200
InitialMarketSize: 4
LogLevel: {'Console': ['INFO', 'DEBUG', 'TRACE'], 'File': ['INFO', 'DEBUG', 'TRACE']}
MaxMagnituteOfTechChange: 8
MinimumWealthForSurvival: 0
NumberOfPeriods: 50
NumberOfPotentialEntrants: 40
NumberOfTasks: 96
PeriodStartOfTechChange: 20
RateOfTechChange: 0.1
StartupWealth: 0

PROCESSING PERIOD 1
DONE PROCESSING PERIOD 1.
PROCESSING PERIOD 2
DONE PROCESSING PERIOD 2.
PROCESSING PERIOD 3
DONE PROCESSING PERIOD 3.
PROCESSING PERIOD 4
DONE PROCESSING PERIOD 4.
PROCESSING PERIOD 5
DONE PROCESSING PERIOD 5.
PROCESSING PERIOD 6
DONE PROCESSING PERIOD 6.
PROCESSING PERIOD 7
DONE PROCESSING PERIOD 7.
PROCESSING PERIOD 8
DONE PROCESSING PERIOD 8.
PROCESSING PERIOD 9
DONE PROCESSING PERIOD 9.
PROCESSING PERIOD 10
DONE PROCESSING PERIOD 10.
PROCESSING PERIOD 11
DONE PROCESSING PERIOD 11.
PROCESSING PERIOD 12
DONE PROCESSING PERIOD 12.
PROCESSING PERIOD 13
DONE PROCESSING PERIOD 13.
PROCESSING PERIOD 14
DONE PROCESSING PERIOD 14.
PROCESSING PERIOD 15
DONE PROCESSING PERIOD 15.
PROCESSING PERIOD 16
DONE PROCESSING PERIOD 16.
PROCESSING PERIOD 17
DONE PROCESSING PERIOD 17.
PROCESSING PERIOD 18
DONE PROCESSING PERIOD 18.
PROCESSING PERIOD 19
DONE PROCESSING PERIOD 19.
PROCESSING PERIOD 20
DONE PROCESSING PERIOD 20.
PROCESSING PERIOD 21
DONE PROCESSING PERIOD 21.
PROCESSING PERIOD 22
DONE PROCESSING PERIOD 22.
PROCESSING PERIOD 23
DONE PROCESSING PERIOD 23.
PROCESSING PERIOD 24
DONE PROCESSING PERIOD 24.
PROCESSING PERIOD 25
DONE PROCESSING PERIOD 25.
PROCESSING PERIOD 26
DONE PROCESSING PERIOD 26.
PROCESSING PERIOD 27
DONE PROCESSING PERIOD 27.
PROCESSING PERIOD 28
DONE PROCESSING PERIOD 28.
PROCESSING PERIOD 29
DONE PROCESSING PERIOD 29.
PROCESSING PERIOD 30
DONE PROCESSING PERIOD 30.
PROCESSING PERIOD 31
DONE PROCESSING PERIOD 31.
PROCESSING PERIOD 32
DONE PROCESSING PERIOD 32.
PROCESSING PERIOD 33
DONE PROCESSING PERIOD 33.
PROCESSING PERIOD 34
DONE PROCESSING PERIOD 34.
PROCESSING PERIOD 35
DONE PROCESSING PERIOD 35.
PROCESSING PERIOD 36
DONE PROCESSING PERIOD 36.
PROCESSING PERIOD 37
DONE PROCESSING PERIOD 37.
PROCESSING PERIOD 38
DONE PROCESSING PERIOD 38.
PROCESSING PERIOD 39
DONE PROCESSING PERIOD 39.
PROCESSING PERIOD 40
DONE PROCESSING PERIOD 40.
PROCESSING PERIOD 41
DONE PROCESSING PERIOD 41.
PROCESSING PERIOD 42
DONE PROCESSING PERIOD 42.
PROCESSING PERIOD 43
DONE PROCESSING PERIOD 43.
PROCESSING PERIOD 44
DONE PROCESSING PERIOD 44.
PROCESSING PERIOD 45
DONE PROCESSING PERIOD 45.
PROCESSING PERIOD 46
DONE PROCESSING PERIOD 46.
PROCESSING PERIOD 47
DONE PROCESSING PERIOD 47.
PROCESSING PERIOD 48
DONE PROCESSING PERIOD 48.
PROCESSING PERIOD 49
DONE PROCESSING PERIOD 49.
PROCESSING PERIOD 50
DONE PROCESSING PERIOD 50.
Simulation completed in 0.24 seconds
Saving log...