
External shocks: Processing...
External shocks: OK!
Entry decisions: Processing...
Entry decisions: OK!
Shutdown decisions: Processing...
Shutdown decisions: OK! 4 loops
Updating 37 active firms: Processing...
Updating 37 active firms: OK!
Updating 3 inactive firms: Processing...
Updating 3 inactive firms: OK!
Exit decisions: Processing...
Exit decisions: OK!
Firms exiting: Processing...
Firms exiting: OK!
External shocks: Processing...
External shocks: OK!
Entry decisions: Processing...
Entry decisions: OK!
Shutdown decisions: Processing...
Shutdown decisions: OK! 9 loops
Updating 45 active firms: Processing...
Updating 45 active firms: OK!
Updating 8 inactive firms: Processing...
Updating 8 inactive firms: OK!
Exit decisions: Processing...
Exit decisions: OK!
Firms exiting: Processing...
Firms exiting: OK!
External shocks: Processing...
External shocks: OK!
Entry decisions: Processing...
Entry decisions: OK!
Shutdown decisions: Processing...
Shutdown decisions: OK! 6 loops
Updating 41 active firms: Processing...
Updating 41 active firms: OK!
Updating 5 inactive firms: Processing...
Updating 5 inactive firms: OK!
Exit decisions: Processing...
Exit decisions: OK!
Firms exiting: Processing...
Firms exiting: OK!
External shocks: Processing...
External shocks: OK!
Entry decisions: Processing...
Entry decisions: OK!
Shutdown decisions: Processing...
Shutdown decisions: OK! 2 loops
Updating 39 active firms: Processing...
Updating 39 active firms: OK!
Updating 1 inactive firms: Processing...
Updating 1 inactive firms: OK!
Exit decisions: Processing...
Exit decisions: OK!
Firms exiting: Processing...
Firms exiting: OK!
External shocks: Processing...
External shocks: OK!
Entry decisions: Processing...
Entry decisions: OK!
Shutdown decisions: Processing...
Shutdown decisions: OK! 1 loops
Updating 41 active firms: Processing...
Updating 41 active firms: OK!
Updating 0 inactive firms: Processing...
Updating 0 inactive firms: OK!
Exit decisions: Processing...
Exit decisions: OK!
Firms exiting: Processing...
Firms exiting: OK!
External shocks: Processing...
External shocks: OK!
Entry decisions: Processing...
Entry decisions: OK!
Shutdown decisions: Processing...
Shutdown decisions: OK! 1 loops
Updating 35 active firms: Processing...
Updating 35 active firms: OK!
Updating 0 inactive firms: Processing...
Updating 0 inactive firms: OK!
Exit decisions: Processing...
Exit decisions: OK!
Firms exiting: Processing...
Firms exiting: OK!
External shocks: Processing...
External shocks: OK!
Entry decisions: Processing...
Entry decisions: OK!
Shutdown decisions: Processing...
Shutdown decisions: OK! 1 loops
Updating 35 active firms: Processing...
Updating 35 active firms: OK!
Updating 0 inactive firms: Processing...
Updating 0 inactive firms: OK!
Exit decisions: Processing...
Exit decisions: OK!
Firms exiting: Processing...
Firms exiting: OK!
External shocks: Processing...
External shocks: OK!
Entry decisions: Processing...
Entry decisions: OK!
Shutdown decisions: Processing...
Shutdown decisions: OK! 1 loops
Updating 36 active firms: Processing...
Updating 36 active firms: OK!
Updating 0 inactive firms: Processing...
Updating 0 inactive firms: OK!
Exit decisions: Processing...
Exit decisions: OK!
Firms exiting: Processing...
Firms exiting: OK!
External shocks: Processing...
External shocks: OK!
Entry decisions: Processing...
Entry decisions: OK!
Shutdown decisions: Processing...
Shutdown decisions: OK! 1 loops
Updating 29 active firms: Processing...
Updating 29 active firms: OK!
Updating 0 inactive firms: Processing...
Updating 0 inactive firms: OK!
Exit decisions: Processing...
Exit decisions: OK!
Firms exiting: Processing...
Firms exiting: OK!
External shocks: Processing...
External shocks: OK!
Entry decisions: Processing...
Entry decisions: OK!
Shutdown decisions: Processing...
Shutdown decisions: OK! 1 loops
Updating 34 active firms: Processing...
Updating 34 active firms: OK!
Updating 0 inactive firms: Processing...
Updating 0 inactive firms: OK!
Exit decisions: Processing...
Exit decisions: OK!
Firms exiting: Processing...
Firms exiting: OK!
External shocks: Processing...
External shocks: OK!
Entry decisions: Processing...
Entry decisions: OK!
Shutdown decisions: Processing...
Shutdown decisions: OK! 1 loops
Updating 32 active firms: Processing...
Updating 32 active firms: OK!
Updating 0 inactive firms: Processing...
Updating 0 inactive firms: OK!
Exit decisions: Processing...
Exit decisions: OK!
Firms exiting: Processing...
Firms exiting: OK!
External shocks: Processing...
External shocks: OK!
Entry decisions: Processing...
Entry decisions: OK!
Shutdown decisions: Processing...
Shutdown decisions: OK! 1 loops
Updating 28 active firms: Processing...
Updating 28 active firms: OK!
Updating 0 inactive firms: Processing...
Updating 0 inactive firms: OK!
Exit decisions: Processing...
Exit decisions: OK!
Firms exiting: Processing...
Firms exiting: OK!
External shocks: Processing...
External shocks: OK!
Entry decisions: Processing...
Entry decisions: OK!
Shutdown decisions: Processing...
Shutdown decisions: OK! 1 loops
Updating 32 active firms: Processing...
Updating 32 active firms: OK!
Updating 0 inactive firms: Processing...
Updating 0 inactive firms: OK!
Exit decisions: Processing...
Exit decisions: OK!
Firms exiting: Processing...
Firms exiting: OK!
External shocks: Processing...
External shocks: OK!
Entry decisions: Processing...
Entry decisions: OK!
Shutdown decisions: Processing...
Shutdown decisions: OK! 1 loops
Updating 34 active firms: Processing...
Updating 34 active firms: OK!
Updating 0 inactive firms: Processing...
Updating 0 inactive firms: OK!
Exit decisions: Processing...
Exit decisions: OK!
Firms exiting: Processing...
Firms exiting: OK!
External shocks: Processing...
External shocks: OK!
Entry decisions: Processing...
Entry decisions: OK!
Shutdown decisions: Processing...
Shutdown decisions: OK! 1 loops
Updating 36 active firms: Processing...
Updating 36 active firms: OK!
Updating 0 inactive firms: Processing...
Updating 0 inactive firms: OK!
Exit decisions: Processing...
Exit decisions: OK!
Firms exiting: Processing...
Firms exiting: OK!
External shocks: Processing...
External shocks: OK!
Entry decisions: Processing...
Entry decisions: OK!
Shutdown decisions: Processing...
Shutdown decisions: OK! 1 loops
Updating 30 active firms: Processing...
Updating 30 active firms: OK!
Updating 0 inactive firms: Processing...
Updating 0 inactive firms: OK!
Exit decisions: Processing...
Exit decisions: OK!
Firms exiting: Processing...
Firms exiting: OK!
External shocks: Processing...
External shocks: OK!
Entry decisions: Processing...
Entry decisions: OK!
Shutdown decisions: Processing...
Shutdown decisions: OK! 1 loops
Updating 30 active firms: Processing...
Updating 30 active firms: OK!
Updating 0 inactive firms: Processing...
Updating 0 inactive firms: OK!
Exit decisions: Processing...
Exit decisions: OK!
Firms exiting: Processing...
Firms exiting: OK!
External shocks: Processing...
External shocks: OK!
Entry decisions: Processing...
Entry decisions: OK!
Shutdown decisions: Processing...
Shutdown decisions: OK! 1 loops
Updating 35 active firms: Processing...
Updating 35 active firms: OK!
Updating 0 inactive firms: Processing...
Updating 0 inactive firms: OK!
Exit decisions: Processing...
Exit decisions: OK!
Firms exiting: Processing...
Firms exiting: OK!
External shocks: Processing...
External shocks: OK!
Entry decisions: Processing...
Entry decisions: OK!
Shutdown decisions: Processing...
Shutdown decisions: OK! 1 loops
Updating 30 active firms: Processing...
Updating 30 active firms: OK!
Updating 0 inactive firms: Processing...
Updating 0 inactive firms: OK!
Exit decisions: Processing...
Exit decisions: OK!
Firms exiting: Processing...
Firms exiting: OK!
External shocks: Processing...
External shocks: OK!
Entry decisions: Processing...
Entry decisions: OK!
Shutdown decisions: Processing...
Shutdown decisions: OK! 1 loops
Updating 31 active firms: Processing...
Updating 31 active firms: OK!
Updating 0 inactive firms: Processing...
Updating 0 inactive firms: OK!
Exit decisions: Processing...
Exit decisions: OK!
Firms exiting: Processing...
Firms exiting: OK!
External shocks: Processing...
External shocks: OK!
Entry decisions: Processing...
Entry decisions: OK!
Shutdown decisions: Processing...
Shutdown decisions: OK! 1 loops
Updating 31 active firms: Processing...
Updating 31 active firms: OK!
Updating 0 inactive firms: Processing...
Updating 0 inactive firms: OK!
Exit decisions: Processing...
Exit decisions: OK!
Firms exiting: Processing...
Firms exiting: OK!
External shocks: Processing...
External shocks: OK!
Entry decisions: Processing...
Entry decisions: OK!
Shutdown decisions: Processing...
Shutdown decisions: OK! 3 loops
Updating 34 active firms: Processing...
Updating 34 active firms: OK!
Updating 2 inactive firms: Processing...
Updating 2 inactive firms: OK!
Exit decisions: Processing...
Exit decisions: OK!
Firms exiting: Processing...
Firms exiting: OK!
External shocks: Processing...
External shocks: OK!
Entry decisions: Processing...
Entry decisions: OK!
Shutdown decisions: Processing...
Shutdown decisions: OK! 3 loops
Updating 34 active firms: Processing...
Updating 34 active firms: OK!
Updating 2 inactive firms: Processing...
Updating 2 inactive firms: OK!
Exit decisions: Processing...
Exit decisions: OK!
Firms exiting: Processing...
Firms exiting: OK!
External shocks: Processing...
External shocks: OK!
Entry decisions: Processing...
Entry decisions: OK!
Shutdown decisions: Processing...
Shutdown decisions: OK! 3 loops
Updating 34 active firms: Processing...
Updating 34 active firms: OK!
Updating 2 inactive firms: Processing...
Updating 2 inactive firms: OK!
Exit decisions: Processing...
Exit decisions: OK!
Firms exiting: Processing...
Firms exiting: OK!
External shocks: Processing...
External shocks: OK!
Entry decisions: Processing...
Entry decisions: OK!
Shutdown decisions: Processing...
Shutdown decisions: OK! 2 loops
Updating 33 active firms: Processing...
Updating 33 active firms: OK!
Updating 1 inactive firms: Processing...
Updating 1 inactive firms: OK!
Exit decisions: Processing...
Exit decisions: OK!
Firms exiting: Processing...
Firms exiting: OK!
External shocks: Processing...
External shocks: OK!
Entry decisions: Processing...
Entry decisions: OK!
Shutdown decisions: Processing...
Shutdown decisions: OK! 1 loops
Updating 34 active firms: Processing...
Updating 34 active firms: OK!
Updating 0 inactive firms: Processing...
Updating 0 inactive firms: OK!
Exit decisions: Processing...
Exit decisions: OK!
Firms exiting: Processing...
Firms exiting: OK!
External shocks: Processing...
External shocks: OK!
Entry decisions: Processing...
Entry decisions: OK!
Shutdown decisions: Processing...
Shutdown decisions: OK! 1 loops
Updating 37 active firms: Processing...
Updating 37 active firms: OK!
Updating 0 inactive firms: Processing...
Updating 0 inactive firms: OK!
Exit decisions: Processing...
Exit decisions: OK!
Firms exiting: Processing...
Firms exiting: OK!
External shocks: Processing...
External shocks: OK!
Entry decisions: Processing...
Entry decisions: OK!
Shutdown decisions: Processing...
Shutdown decisions: OK! 1 loops
Updating 31 active firms: Processing...
Updating 31 active firms: OK!
Updating 0 inactive firms: Processing...
Updating 0 inactive firms: OK!
Exit decisions: Processing...
Exit decisions: OK!
Firms exiting: Processing...
Firms exiting: OK!
External shocks: Processing...
External shocks: OK!
Entry decisions: Processing...
Entry decisions: OK!
Shutdown decisions: Processing...
Shutdown decisions: OK! 1 loops
Updating 33 active firms: Processing...
Updating 33 active firms: OK!
Updating 0 inactive firms: Processing...
Updating 0 inactive firms: OK!
Exit decisions: Processing...
Exit decisions: OK!
Firms exiting: Processing...
Firms exiting: OK!
External shocks: Processing...
External shocks: OK!
Entry decisions: Processing...
Entry decisions: OK!
Shutdown decisions: Processing...
Shutdown decisions: OK! 1 loops
Updating 34 active firms: Processing...
Updating 34 active firms: OK!
Updating 0 inactive firms: Processing...
Updating 0 inactive firms: OK!
Exit decisions: Processing...
Exit decisions: OK!
Firms exiting: Processing...
Firms exiting: OK!
External shocks: Processing...
External shocks: OK!
Entry decisions: Processing...
Entry decisions: OK!
Shutdown decisions: Processing...
Shutdown decisions: OK! 1 loops
Updating 34 active firms: Processing...
Updating 34 active firms: OK!
Updating 0 inactive firms: Processing...
Updating 0 inactive firms: OK!
Exit decisions: Processing...
Exit decisions: OK!
Firms exiting: Processing...
Firms exiting: OK!
External shocks: Processing...
External shocks: OK!
Entry decisions: Processing...
Entry decisions: OK!
Shutdown decisions: Processing...
Shutdown decisions: OK! 1 loops
Updating 30 active firms: Processing...
Updating 30 active firms: OK!
Updating 0 inactive firms: Processing...
Updating 0 inactive firms: OK!
Exit decisions: Processing...
Exit decisions: OK!
Firms exiting: Processing...
Firms exiting: OK!
External shocks: Processing...
External shocks: OK!
Entry decisions: Processing...
Entry decisions: OK!
Shutdown decisions: Processing...
Shutdown decisions: OK! 2 loops
Updating 31 active firms: Processing...
Updating 31 active firms: OK!
Updating 1 inactive firms: Processing...
Updating 1 inactive firms: OK!
Exit decisions: Processing...
Exit decisions: OK!
Firms exiting: Processing...
Firms exiting: OK!
External shocks: Processing...
External shocks: OK!
Entry decisions: Processing...
Entry decisions: OK!
Shutdown decisions: Processing...
Shutdown decisions: OK! 1 loops
Updating 30 active firms: Processing...
Updating 30 active firms: OK!
Updating 0 inactive firms: Processing...
Updating 0 inactive firms: OK!
Exit decisions: Processing...
Exit decisions: OK!
Firms exiting: Processing...
Firms exiting: OK!
External shocks: Processing...
External shocks: OK!
Entry decisions: Processing...
Entry decisions: OK!
Shutdown decisions: Processing...
Shutdown decisions: OK! 2 loops
Updating 32 active firms: Processing...
Updating 32 active firms: OK!
Updating 1 inactive firms: Processing...
Updating 1 inactive firms: OK!
Exit decisions: Processing...
Exit decisions: OK!
Firms exiting: Processing...
Firms exiting: OK!
External shocks: Processing...
External shocks: OK!
Entry decisions: Processing...
Entry decisions: OK!
Shutdown decisions: Processing...
Shutdown decisions: OK! 2 loops
Updating 34 active firms: Processing...
Updating 34 active firms: OK!
Updating 1 inactive firms: Processing...
Updating 1 inactive firms: OK!
Exit decisions: Processing...
Exit decisions: OK!
Firms exiting: Processing...
Firms exiting: OK!
External shocks: Processing...
External shocks: OK!
Entry decisions: Processing...
Entry decisions: OK!
Shutdown decisions: Processing...
Shutdown decisions: OK! 2 loops
Updating 33 active firms: Processing...
Updating 33 active firms: OK!
Updating 1 inactive firms: Processing...
Updating 1 inactive firms: OK!
Exit decisions: Processing...
Exit decisions: OK!
Firms exiting: Processing...
Firms exiting: OK!
External shocks: Processing...
External shocks: OK!
Entry decisions: Processing...
Entry decisions: OK!
Shutdown decisions: Processing...
Shutdown decisions: OK! 1 loops
Updating 34 active firms: Processing...
Updating 34 active firms: OK!
Updating 0 inactive firms: Processing...
Updating 0 inactive firms: OK!
Exit decisions: Processing...
Exit decisions: OK!
Firms exiting: Processing...
Firms exiting: OK!
External shocks: Processing...
External shocks: OK!
Entry decisions: Processing...
Entry decisions: OK!
Shutdown decisions: Processing...
Shutdown decisions: OK! 1 loops
Updating 31 active firms: Processing...
Updating 31 active firms: OK!
Updating 0 inactive firms: Processing...
Updating 0 inactive firms: OK!
Exit decisions: Processing...
Exit decisions: OK!
Firms exiting: Processing...
Firms exiting: OK!
External shocks: Processing...
External shocks: OK!
Entry decisions: Processing...
Entry decisions: OK!
Shutdown decisions: Processing...
Shutdown decisions: OK! 1 loops
Updating 32 active firms: Processing...
Updating 32 active firms: OK!
Updating 0 inactive firms: Processing...
Updating 0 inactive firms: OK!
Exit decisions: Processing...
Exit decisions: OK!
Firms exiting: Processing...
Firms exiting: OK!
External shocks: Processing...
External shocks: OK!
Entry decisions: Processing...
Entry decisions: OK!
Shutdown decisions: Processing...
Shutdown decisions: OK! 1 loops
Updating 32 active firms: Processing...
Updating 32 active firms: OK!
Updating 0 inactive firms: Processing...
Updating 0 inactive firms: OK!
Exit decisions: Processing...
Exit decisions: OK!
Firms exiting: Processing...
Firms exiting: OK!
External shocks: Processing...
External shocks: OK!
Entry decisions: Processing...
Entry decisions: OK!
Shutdown decisions: Processing...
Shutdown decisions: OK! 1 loops
Updating 32 active firms: Processing...
Updating 32 active firms: OK!
Updating 0 inactive firms: Processing...
Updating 0 inactive firms: OK!
Exit decisions: Processing...
Exit decisions: OK!
Firms exiting: Processing...
Firms exiting: OK!
External shocks: Processing...
External shocks: OK!
Entry decisions: Processing...
Entry decisions: OK!
Shutdown decisions: Processing...
Shutdown decisions: OK! 1 loops
Updating 30 active firms: Processing...
Updating 30 active firms: OK!
Updating 0 inactive firms: Processing...
Updating 0 inactive firms: OK!
Exit decisions: Processing...
Exit decisions: OK!
Firms exiting: Processing...
Firms exiting: OK!
External shocks: Processing...
External shocks: OK!
Entry decisions: Processing...
Entry decisions: OK!
Shutdown decisions: Processing...
Shutdown decisions: OK! 1 loops
Updating 33 active firms: Processing...
Updating 33 active firms: OK!
Updating 0 inactive firms: Processing...
Updating 0 inactive firms: OK!
Exit decisions: Processing...
Exit decisions: OK!
Firms exiting: Processing...
Firms exiting: OK!
External shocks: Processing...
External shocks: OK!
Entry decisions: Processing...
Entry decisions: OK!
Shutdown decisions: Processing...
Shutdown decisions: OK! 1 loops
Updating 33 active firms: Processing...
Updating 33 active firms: OK!
Updating 0 inactive firms: Processing...
Updating 0 inactive firms: OK!
Exit decisions: Processing...
Exit decisions: OK!
Firms exiting: Processing...
Firms exiting: OK!
External shocks: Processing...
External shocks: OK!
Entry decisions: Processing...
Entry decisions: OK!
Shutdown decisions: Processing...
Shutdown decisions: OK! 2 loops
Updating 33 active firms: Processing...
Updating 33 active firms: OK!
Updating 1 inactive firms: Processing...
Updating 1 inactive firms: OK!
Exit decisions: Processing...
Exit decisions: OK!
Firms exiting: Processing...
Firms exiting: OK!
External shocks: Processing...
External shocks: OK!
Entry decisions: Processing...
Entry decisions: OK!
Shutdown decisions: Processing...
Shutdown decisions: OK! 2 loops
Updating 34 active firms: Processing...
Updating 34 active firms: OK!
Updating 1 inactive firms: Processing...
Updating 1 inactive firms: OK!
Exit decisions: Processing...
Exit decisions: OK!
Firms exiting: Processing...
Firms exiting: OK!
External shocks: Processing...
External shocks: OK!
Entry decisions: Processing...
Entry decisions: OK!
Shutdown decisions: Processing...
Shutdown decisions: OK! 2 loops
Updating 36 active firms: Processing...
Updating 36 active firms: OK!
Updating 1 inactive firms: Processing...
Updating 1 inactive firms: OK!
Exit decisions: Processing...
Exit decisions: OK!
Firms exiting: Processing...
Firms exiting: OK!
External shocks: Processing...
External shocks: OK!
Entry decisions: Processing...
Entry decisions: OK!
Shutdown decisions: Processing...
Shutdown decisions: OK! 2 loops
Updating 33 active firms: Processing...
Updating 33 active firms: OK!
Updating 1 inactive firms: Processing...
Updating 1 inactive firms: OK!
Exit decisions: Processing...
Exit decisions: OK!
Firms exiting: Processing...
Firms exiting: OK!
External shocks: Processing...
External shocks: OK!
Entry decisions: Processing...
Entry decisions: OK!
Shutdown decisions: Processing...
Shutdown decisions: OK! 3 loops
Updating 33 active firms: Processing...
Updating 33 active firms: OK!
Updating 2 inactive firms: Processing...
Updating 2 inactive firms: OK!
Exit decisions: Processing...
Exit decisions: OK!
Firms exiting: Processing...
Firms exiting: OK!